{"C:\\Users\\Supernova\\bootcamp\\collab\\skylab-bootcamp-201901\\staff\\daniel-toledo\\sail-away\\sail-away-api\\src\\logic\\index.spec.js":{"path":"C:\\Users\\Supernova\\bootcamp\\collab\\skylab-bootcamp-201901\\staff\\daniel-toledo\\sail-away\\sail-away-api\\src\\logic\\index.spec.js","statementMap":{"0":{"start":{"line":1,"column":0},"end":{"line":1,"column":26}},"1":{"start":{"line":2,"column":0},"end":{"line":2,"column":27}},"2":{"start":{"line":3,"column":0},"end":{"line":3,"column":17}},"3":{"start":{"line":5,"column":12},"end":{"line":5,"column":35}},"4":{"start":{"line":6,"column":119},"end":{"line":6,"column":144}},"5":{"start":{"line":7,"column":15},"end":{"line":7,"column":32}},"6":{"start":{"line":8,"column":15},"end":{"line":8,"column":32}},"7":{"start":{"line":9,"column":15},"end":{"line":9,"column":32}},"8":{"start":{"line":11,"column":14},"end":{"line":11,"column":26}},"9":{"start":{"line":14,"column":33},"end":{"line":14,"column":40}},"10":{"start":{"line":16,"column":0},"end":{"line":2124,"column":2}},"11":{"start":{"line":18,"column":4},"end":{"line":18,"column":74}},"12":{"start":{"line":18,"column":17},"end":{"line":18,"column":73}},"13":{"start":{"line":21,"column":4},"end":{"line":26,"column":5}},"14":{"start":{"line":22,"column":8},"end":{"line":25,"column":10}},"15":{"start":{"line":28,"column":4},"end":{"line":475,"column":6}},"16":{"start":{"line":29,"column":21},"end":{"line":29,"column":27}},"17":{"start":{"line":30,"column":24},"end":{"line":30,"column":32}},"18":{"start":{"line":31,"column":22},"end":{"line":31,"column":60}},"19":{"start":{"line":32,"column":25},"end":{"line":32,"column":30}},"20":{"start":{"line":33,"column":32},"end":{"line":33,"column":40}},"21":{"start":{"line":34,"column":21},"end":{"line":34,"column":30}},"22":{"start":{"line":36,"column":8},"end":{"line":51,"column":10}},"23":{"start":{"line":37,"column":23},"end":{"line":37,"column":102}},"24":{"start":{"line":39,"column":12},"end":{"line":39,"column":36}},"25":{"start":{"line":40,"column":12},"end":{"line":40,"column":44}},"26":{"start":{"line":42,"column":25},"end":{"line":42,"column":54}},"27":{"start":{"line":44,"column":12},"end":{"line":44,"column":40}},"28":{"start":{"line":45,"column":12},"end":{"line":45,"column":46}},"29":{"start":{"line":46,"column":12},"end":{"line":46,"column":42}},"30":{"start":{"line":48,"column":26},"end":{"line":48,"column":71}},"31":{"start":{"line":50,"column":12},"end":{"line":50,"column":38}},"32":{"start":{"line":53,"column":8},"end":{"line":60,"column":10}},"33":{"start":{"line":54,"column":12},"end":{"line":54,"column":88}},"34":{"start":{"line":55,"column":12},"end":{"line":59,"column":18}},"35":{"start":{"line":57,"column":20},"end":{"line":57,"column":61}},"36":{"start":{"line":58,"column":20},"end":{"line":58,"column":89}},"37":{"start":{"line":62,"column":8},"end":{"line":71,"column":10}},"38":{"start":{"line":63,"column":25},"end":{"line":63,"column":34}},"39":{"start":{"line":64,"column":28},"end":{"line":64,"column":35}},"40":{"start":{"line":65,"column":26},"end":{"line":65,"column":48}},"41":{"start":{"line":66,"column":29},"end":{"line":66,"column":34}},"42":{"start":{"line":68,"column":12},"end":{"line":70,"column":60}},"43":{"start":{"line":69,"column":16},"end":{"line":69,"column":76}},"44":{"start":{"line":73,"column":8},"end":{"line":82,"column":10}},"45":{"start":{"line":74,"column":25},"end":{"line":74,"column":27}},"46":{"start":{"line":75,"column":28},"end":{"line":75,"column":35}},"47":{"start":{"line":76,"column":26},"end":{"line":76,"column":48}},"48":{"start":{"line":77,"column":29},"end":{"line":77,"column":34}},"49":{"start":{"line":79,"column":12},"end":{"line":81,"column":60}},"50":{"start":{"line":80,"column":16},"end":{"line":80,"column":76}},"51":{"start":{"line":85,"column":8},"end":{"line":94,"column":10}},"52":{"start":{"line":86,"column":25},"end":{"line":86,"column":29}},"53":{"start":{"line":87,"column":28},"end":{"line":87,"column":35}},"54":{"start":{"line":88,"column":26},"end":{"line":88,"column":48}},"55":{"start":{"line":89,"column":29},"end":{"line":89,"column":34}},"56":{"start":{"line":91,"column":12},"end":{"line":93,"column":60}},"57":{"start":{"line":92,"column":16},"end":{"line":92,"column":76}},"58":{"start":{"line":96,"column":8},"end":{"line":105,"column":10}},"59":{"start":{"line":97,"column":25},"end":{"line":97,"column":27}},"60":{"start":{"line":98,"column":28},"end":{"line":98,"column":35}},"61":{"start":{"line":99,"column":26},"end":{"line":99,"column":48}},"62":{"start":{"line":100,"column":29},"end":{"line":100,"column":34}},"63":{"start":{"line":102,"column":12},"end":{"line":104,"column":60}},"64":{"start":{"line":103,"column":16},"end":{"line":103,"column":76}},"65":{"start":{"line":107,"column":8},"end":{"line":116,"column":10}},"66":{"start":{"line":108,"column":25},"end":{"line":108,"column":27}},"67":{"start":{"line":109,"column":28},"end":{"line":109,"column":35}},"68":{"start":{"line":110,"column":26},"end":{"line":110,"column":48}},"69":{"start":{"line":111,"column":29},"end":{"line":111,"column":34}},"70":{"start":{"line":113,"column":12},"end":{"line":115,"column":60}},"71":{"start":{"line":114,"column":16},"end":{"line":114,"column":76}},"72":{"start":{"line":118,"column":8},"end":{"line":127,"column":10}},"73":{"start":{"line":119,"column":25},"end":{"line":119,"column":27}},"74":{"start":{"line":120,"column":28},"end":{"line":120,"column":35}},"75":{"start":{"line":121,"column":26},"end":{"line":121,"column":48}},"76":{"start":{"line":122,"column":29},"end":{"line":122,"column":34}},"77":{"start":{"line":124,"column":12},"end":{"line":126,"column":53}},"78":{"start":{"line":125,"column":16},"end":{"line":125,"column":76}},"79":{"start":{"line":129,"column":8},"end":{"line":138,"column":10}},"80":{"start":{"line":130,"column":25},"end":{"line":130,"column":33}},"81":{"start":{"line":131,"column":28},"end":{"line":131,"column":37}},"82":{"start":{"line":132,"column":26},"end":{"line":132,"column":48}},"83":{"start":{"line":133,"column":29},"end":{"line":133,"column":34}},"84":{"start":{"line":135,"column":12},"end":{"line":137,"column":63}},"85":{"start":{"line":136,"column":16},"end":{"line":136,"column":76}},"86":{"start":{"line":140,"column":8},"end":{"line":149,"column":10}},"87":{"start":{"line":141,"column":25},"end":{"line":141,"column":33}},"88":{"start":{"line":142,"column":28},"end":{"line":142,"column":30}},"89":{"start":{"line":143,"column":26},"end":{"line":143,"column":48}},"90":{"start":{"line":144,"column":29},"end":{"line":144,"column":34}},"91":{"start":{"line":146,"column":12},"end":{"line":148,"column":63}},"92":{"start":{"line":147,"column":16},"end":{"line":147,"column":76}},"93":{"start":{"line":152,"column":8},"end":{"line":161,"column":10}},"94":{"start":{"line":153,"column":25},"end":{"line":153,"column":33}},"95":{"start":{"line":154,"column":28},"end":{"line":154,"column":33}},"96":{"start":{"line":155,"column":26},"end":{"line":155,"column":48}},"97":{"start":{"line":156,"column":29},"end":{"line":156,"column":34}},"98":{"start":{"line":158,"column":12},"end":{"line":160,"column":63}},"99":{"start":{"line":159,"column":16},"end":{"line":159,"column":76}},"100":{"start":{"line":163,"column":8},"end":{"line":172,"column":10}},"101":{"start":{"line":164,"column":25},"end":{"line":164,"column":33}},"102":{"start":{"line":165,"column":28},"end":{"line":165,"column":30}},"103":{"start":{"line":166,"column":26},"end":{"line":166,"column":48}},"104":{"start":{"line":167,"column":29},"end":{"line":167,"column":34}},"105":{"start":{"line":169,"column":12},"end":{"line":171,"column":63}},"106":{"start":{"line":170,"column":16},"end":{"line":170,"column":76}},"107":{"start":{"line":174,"column":8},"end":{"line":183,"column":10}},"108":{"start":{"line":175,"column":25},"end":{"line":175,"column":33}},"109":{"start":{"line":176,"column":28},"end":{"line":176,"column":30}},"110":{"start":{"line":177,"column":26},"end":{"line":177,"column":48}},"111":{"start":{"line":178,"column":29},"end":{"line":178,"column":34}},"112":{"start":{"line":180,"column":12},"end":{"line":182,"column":63}},"113":{"start":{"line":181,"column":16},"end":{"line":181,"column":76}},"114":{"start":{"line":185,"column":8},"end":{"line":194,"column":10}},"115":{"start":{"line":186,"column":25},"end":{"line":186,"column":33}},"116":{"start":{"line":187,"column":28},"end":{"line":187,"column":30}},"117":{"start":{"line":188,"column":26},"end":{"line":188,"column":48}},"118":{"start":{"line":189,"column":29},"end":{"line":189,"column":34}},"119":{"start":{"line":191,"column":12},"end":{"line":193,"column":56}},"120":{"start":{"line":192,"column":16},"end":{"line":192,"column":76}},"121":{"start":{"line":195,"column":8},"end":{"line":204,"column":10}},"122":{"start":{"line":196,"column":25},"end":{"line":196,"column":33}},"123":{"start":{"line":197,"column":28},"end":{"line":197,"column":35}},"124":{"start":{"line":198,"column":26},"end":{"line":198,"column":28}},"125":{"start":{"line":199,"column":29},"end":{"line":199,"column":34}},"126":{"start":{"line":201,"column":12},"end":{"line":203,"column":57}},"127":{"start":{"line":202,"column":16},"end":{"line":202,"column":76}},"128":{"start":{"line":205,"column":8},"end":{"line":214,"column":10}},"129":{"start":{"line":206,"column":25},"end":{"line":206,"column":33}},"130":{"start":{"line":207,"column":28},"end":{"line":207,"column":35}},"131":{"start":{"line":208,"column":26},"end":{"line":208,"column":30}},"132":{"start":{"line":209,"column":29},"end":{"line":209,"column":34}},"133":{"start":{"line":211,"column":12},"end":{"line":213,"column":57}},"134":{"start":{"line":212,"column":16},"end":{"line":212,"column":76}},"135":{"start":{"line":215,"column":8},"end":{"line":224,"column":10}},"136":{"start":{"line":216,"column":25},"end":{"line":216,"column":33}},"137":{"start":{"line":217,"column":28},"end":{"line":217,"column":35}},"138":{"start":{"line":218,"column":26},"end":{"line":218,"column":27}},"139":{"start":{"line":219,"column":29},"end":{"line":219,"column":34}},"140":{"start":{"line":221,"column":12},"end":{"line":223,"column":57}},"141":{"start":{"line":222,"column":16},"end":{"line":222,"column":76}},"142":{"start":{"line":225,"column":8},"end":{"line":234,"column":10}},"143":{"start":{"line":226,"column":25},"end":{"line":226,"column":33}},"144":{"start":{"line":227,"column":28},"end":{"line":227,"column":35}},"145":{"start":{"line":228,"column":26},"end":{"line":228,"column":35}},"146":{"start":{"line":229,"column":29},"end":{"line":229,"column":34}},"147":{"start":{"line":231,"column":12},"end":{"line":233,"column":57}},"148":{"start":{"line":232,"column":16},"end":{"line":232,"column":76}},"149":{"start":{"line":235,"column":8},"end":{"line":244,"column":10}},"150":{"start":{"line":236,"column":25},"end":{"line":236,"column":33}},"151":{"start":{"line":237,"column":28},"end":{"line":237,"column":35}},"152":{"start":{"line":238,"column":26},"end":{"line":238,"column":30}},"153":{"start":{"line":239,"column":29},"end":{"line":239,"column":34}},"154":{"start":{"line":241,"column":12},"end":{"line":243,"column":57}},"155":{"start":{"line":242,"column":16},"end":{"line":242,"column":76}},"156":{"start":{"line":245,"column":8},"end":{"line":254,"column":10}},"157":{"start":{"line":246,"column":25},"end":{"line":246,"column":33}},"158":{"start":{"line":247,"column":28},"end":{"line":247,"column":35}},"159":{"start":{"line":248,"column":26},"end":{"line":248,"column":31}},"160":{"start":{"line":249,"column":29},"end":{"line":249,"column":34}},"161":{"start":{"line":251,"column":12},"end":{"line":253,"column":57}},"162":{"start":{"line":252,"column":16},"end":{"line":252,"column":76}},"163":{"start":{"line":255,"column":8},"end":{"line":264,"column":10}},"164":{"start":{"line":256,"column":25},"end":{"line":256,"column":33}},"165":{"start":{"line":257,"column":28},"end":{"line":257,"column":35}},"166":{"start":{"line":258,"column":26},"end":{"line":258,"column":42}},"167":{"start":{"line":259,"column":29},"end":{"line":259,"column":34}},"168":{"start":{"line":261,"column":12},"end":{"line":263,"column":57}},"169":{"start":{"line":262,"column":16},"end":{"line":262,"column":76}},"170":{"start":{"line":265,"column":8},"end":{"line":274,"column":10}},"171":{"start":{"line":266,"column":25},"end":{"line":266,"column":33}},"172":{"start":{"line":267,"column":28},"end":{"line":267,"column":35}},"173":{"start":{"line":268,"column":26},"end":{"line":268,"column":28}},"174":{"start":{"line":269,"column":29},"end":{"line":269,"column":34}},"175":{"start":{"line":271,"column":12},"end":{"line":273,"column":54}},"176":{"start":{"line":272,"column":16},"end":{"line":272,"column":76}},"177":{"start":{"line":275,"column":8},"end":{"line":284,"column":10}},"178":{"start":{"line":276,"column":25},"end":{"line":276,"column":33}},"179":{"start":{"line":277,"column":28},"end":{"line":277,"column":35}},"180":{"start":{"line":278,"column":26},"end":{"line":278,"column":48}},"181":{"start":{"line":279,"column":29},"end":{"line":279,"column":31}},"182":{"start":{"line":281,"column":12},"end":{"line":283,"column":60}},"183":{"start":{"line":282,"column":16},"end":{"line":282,"column":76}},"184":{"start":{"line":285,"column":8},"end":{"line":294,"column":10}},"185":{"start":{"line":286,"column":25},"end":{"line":286,"column":33}},"186":{"start":{"line":287,"column":28},"end":{"line":287,"column":35}},"187":{"start":{"line":288,"column":26},"end":{"line":288,"column":48}},"188":{"start":{"line":289,"column":29},"end":{"line":289,"column":33}},"189":{"start":{"line":291,"column":12},"end":{"line":293,"column":60}},"190":{"start":{"line":292,"column":16},"end":{"line":292,"column":76}},"191":{"start":{"line":295,"column":8},"end":{"line":304,"column":10}},"192":{"start":{"line":296,"column":25},"end":{"line":296,"column":33}},"193":{"start":{"line":297,"column":28},"end":{"line":297,"column":35}},"194":{"start":{"line":298,"column":26},"end":{"line":298,"column":48}},"195":{"start":{"line":299,"column":29},"end":{"line":299,"column":30}},"196":{"start":{"line":301,"column":12},"end":{"line":303,"column":60}},"197":{"start":{"line":302,"column":16},"end":{"line":302,"column":76}},"198":{"start":{"line":305,"column":8},"end":{"line":314,"column":10}},"199":{"start":{"line":306,"column":25},"end":{"line":306,"column":33}},"200":{"start":{"line":307,"column":28},"end":{"line":307,"column":35}},"201":{"start":{"line":308,"column":26},"end":{"line":308,"column":48}},"202":{"start":{"line":309,"column":29},"end":{"line":309,"column":38}},"203":{"start":{"line":311,"column":12},"end":{"line":313,"column":60}},"204":{"start":{"line":312,"column":16},"end":{"line":312,"column":76}},"205":{"start":{"line":315,"column":8},"end":{"line":324,"column":10}},"206":{"start":{"line":316,"column":25},"end":{"line":316,"column":33}},"207":{"start":{"line":317,"column":28},"end":{"line":317,"column":35}},"208":{"start":{"line":318,"column":26},"end":{"line":318,"column":48}},"209":{"start":{"line":319,"column":29},"end":{"line":319,"column":33}},"210":{"start":{"line":321,"column":12},"end":{"line":323,"column":60}},"211":{"start":{"line":322,"column":16},"end":{"line":322,"column":76}},"212":{"start":{"line":325,"column":8},"end":{"line":334,"column":10}},"213":{"start":{"line":326,"column":25},"end":{"line":326,"column":33}},"214":{"start":{"line":327,"column":28},"end":{"line":327,"column":35}},"215":{"start":{"line":328,"column":26},"end":{"line":328,"column":48}},"216":{"start":{"line":329,"column":29},"end":{"line":329,"column":34}},"217":{"start":{"line":331,"column":12},"end":{"line":333,"column":60}},"218":{"start":{"line":332,"column":16},"end":{"line":332,"column":76}},"219":{"start":{"line":335,"column":8},"end":{"line":344,"column":10}},"220":{"start":{"line":336,"column":25},"end":{"line":336,"column":33}},"221":{"start":{"line":337,"column":28},"end":{"line":337,"column":35}},"222":{"start":{"line":338,"column":26},"end":{"line":338,"column":48}},"223":{"start":{"line":339,"column":29},"end":{"line":339,"column":33}},"224":{"start":{"line":341,"column":12},"end":{"line":343,"column":60}},"225":{"start":{"line":342,"column":16},"end":{"line":342,"column":76}},"226":{"start":{"line":345,"column":8},"end":{"line":354,"column":10}},"227":{"start":{"line":346,"column":25},"end":{"line":346,"column":33}},"228":{"start":{"line":347,"column":28},"end":{"line":347,"column":35}},"229":{"start":{"line":348,"column":26},"end":{"line":348,"column":48}},"230":{"start":{"line":349,"column":29},"end":{"line":349,"column":31}},"231":{"start":{"line":351,"column":12},"end":{"line":353,"column":57}},"232":{"start":{"line":352,"column":16},"end":{"line":352,"column":76}},"233":{"start":{"line":355,"column":8},"end":{"line":364,"column":10}},"234":{"start":{"line":356,"column":25},"end":{"line":356,"column":33}},"235":{"start":{"line":357,"column":28},"end":{"line":357,"column":35}},"236":{"start":{"line":358,"column":26},"end":{"line":358,"column":28}},"237":{"start":{"line":359,"column":29},"end":{"line":359,"column":34}},"238":{"start":{"line":361,"column":12},"end":{"line":363,"column":54}},"239":{"start":{"line":362,"column":16},"end":{"line":362,"column":76}},"240":{"start":{"line":365,"column":8},"end":{"line":375,"column":10}},"241":{"start":{"line":366,"column":25},"end":{"line":366,"column":33}},"242":{"start":{"line":367,"column":28},"end":{"line":367,"column":35}},"243":{"start":{"line":368,"column":26},"end":{"line":368,"column":48}},"244":{"start":{"line":369,"column":29},"end":{"line":369,"column":34}},"245":{"start":{"line":370,"column":36},"end":{"line":370,"column":42}},"246":{"start":{"line":372,"column":12},"end":{"line":374,"column":55}},"247":{"start":{"line":373,"column":16},"end":{"line":373,"column":83}},"248":{"start":{"line":376,"column":8},"end":{"line":386,"column":10}},"249":{"start":{"line":377,"column":25},"end":{"line":377,"column":33}},"250":{"start":{"line":378,"column":28},"end":{"line":378,"column":35}},"251":{"start":{"line":379,"column":26},"end":{"line":379,"column":48}},"252":{"start":{"line":380,"column":29},"end":{"line":380,"column":34}},"253":{"start":{"line":381,"column":36},"end":{"line":381,"column":38}},"254":{"start":{"line":383,"column":12},"end":{"line":385,"column":70}},"255":{"start":{"line":384,"column":16},"end":{"line":384,"column":83}},"256":{"start":{"line":387,"column":8},"end":{"line":397,"column":10}},"257":{"start":{"line":388,"column":25},"end":{"line":388,"column":33}},"258":{"start":{"line":389,"column":28},"end":{"line":389,"column":35}},"259":{"start":{"line":390,"column":26},"end":{"line":390,"column":48}},"260":{"start":{"line":391,"column":29},"end":{"line":391,"column":34}},"261":{"start":{"line":392,"column":36},"end":{"line":392,"column":38}},"262":{"start":{"line":394,"column":12},"end":{"line":396,"column":67}},"263":{"start":{"line":395,"column":16},"end":{"line":395,"column":83}},"264":{"start":{"line":398,"column":8},"end":{"line":408,"column":10}},"265":{"start":{"line":399,"column":25},"end":{"line":399,"column":33}},"266":{"start":{"line":400,"column":28},"end":{"line":400,"column":35}},"267":{"start":{"line":401,"column":26},"end":{"line":401,"column":48}},"268":{"start":{"line":402,"column":29},"end":{"line":402,"column":34}},"269":{"start":{"line":403,"column":36},"end":{"line":403,"column":40}},"270":{"start":{"line":405,"column":12},"end":{"line":407,"column":67}},"271":{"start":{"line":406,"column":16},"end":{"line":406,"column":83}},"272":{"start":{"line":409,"column":8},"end":{"line":419,"column":10}},"273":{"start":{"line":410,"column":25},"end":{"line":410,"column":33}},"274":{"start":{"line":411,"column":28},"end":{"line":411,"column":35}},"275":{"start":{"line":412,"column":26},"end":{"line":412,"column":48}},"276":{"start":{"line":413,"column":29},"end":{"line":413,"column":34}},"277":{"start":{"line":414,"column":36},"end":{"line":414,"column":45}},"278":{"start":{"line":416,"column":12},"end":{"line":418,"column":67}},"279":{"start":{"line":417,"column":16},"end":{"line":417,"column":83}},"280":{"start":{"line":420,"column":8},"end":{"line":430,"column":10}},"281":{"start":{"line":421,"column":25},"end":{"line":421,"column":33}},"282":{"start":{"line":422,"column":28},"end":{"line":422,"column":35}},"283":{"start":{"line":423,"column":26},"end":{"line":423,"column":48}},"284":{"start":{"line":424,"column":29},"end":{"line":424,"column":34}},"285":{"start":{"line":425,"column":36},"end":{"line":425,"column":40}},"286":{"start":{"line":427,"column":12},"end":{"line":429,"column":67}},"287":{"start":{"line":428,"column":16},"end":{"line":428,"column":83}},"288":{"start":{"line":431,"column":8},"end":{"line":441,"column":10}},"289":{"start":{"line":432,"column":25},"end":{"line":432,"column":33}},"290":{"start":{"line":433,"column":28},"end":{"line":433,"column":35}},"291":{"start":{"line":434,"column":26},"end":{"line":434,"column":48}},"292":{"start":{"line":435,"column":29},"end":{"line":435,"column":34}},"293":{"start":{"line":436,"column":36},"end":{"line":436,"column":37}},"294":{"start":{"line":438,"column":12},"end":{"line":440,"column":67}},"295":{"start":{"line":439,"column":16},"end":{"line":439,"column":83}},"296":{"start":{"line":442,"column":8},"end":{"line":452,"column":10}},"297":{"start":{"line":443,"column":25},"end":{"line":443,"column":33}},"298":{"start":{"line":444,"column":28},"end":{"line":444,"column":35}},"299":{"start":{"line":445,"column":26},"end":{"line":445,"column":48}},"300":{"start":{"line":446,"column":29},"end":{"line":446,"column":34}},"301":{"start":{"line":447,"column":36},"end":{"line":447,"column":41}},"302":{"start":{"line":449,"column":12},"end":{"line":451,"column":67}},"303":{"start":{"line":450,"column":16},"end":{"line":450,"column":83}},"304":{"start":{"line":453,"column":8},"end":{"line":463,"column":10}},"305":{"start":{"line":454,"column":25},"end":{"line":454,"column":33}},"306":{"start":{"line":455,"column":28},"end":{"line":455,"column":35}},"307":{"start":{"line":456,"column":26},"end":{"line":456,"column":48}},"308":{"start":{"line":457,"column":29},"end":{"line":457,"column":34}},"309":{"start":{"line":458,"column":36},"end":{"line":458,"column":40}},"310":{"start":{"line":460,"column":12},"end":{"line":462,"column":67}},"311":{"start":{"line":461,"column":16},"end":{"line":461,"column":83}},"312":{"start":{"line":464,"column":8},"end":{"line":474,"column":10}},"313":{"start":{"line":465,"column":25},"end":{"line":465,"column":33}},"314":{"start":{"line":466,"column":28},"end":{"line":466,"column":35}},"315":{"start":{"line":467,"column":26},"end":{"line":467,"column":48}},"316":{"start":{"line":468,"column":29},"end":{"line":468,"column":34}},"317":{"start":{"line":469,"column":36},"end":{"line":469,"column":52}},"318":{"start":{"line":471,"column":12},"end":{"line":473,"column":67}},"319":{"start":{"line":472,"column":16},"end":{"line":472,"column":83}},"320":{"start":{"line":477,"column":4},"end":{"line":618,"column":6}},"321":{"start":{"line":478,"column":21},"end":{"line":478,"column":27}},"322":{"start":{"line":479,"column":24},"end":{"line":479,"column":32}},"323":{"start":{"line":480,"column":21},"end":{"line":480,"column":30}},"324":{"start":{"line":483,"column":8},"end":{"line":488,"column":10}},"325":{"start":{"line":484,"column":12},"end":{"line":484,"column":28}},"326":{"start":{"line":485,"column":12},"end":{"line":485,"column":58}},"327":{"start":{"line":486,"column":12},"end":{"line":486,"column":50}},"328":{"start":{"line":487,"column":12},"end":{"line":487,"column":78}},"329":{"start":{"line":490,"column":8},"end":{"line":495,"column":9}},"330":{"start":{"line":491,"column":12},"end":{"line":494,"column":18}},"331":{"start":{"line":493,"column":20},"end":{"line":493,"column":44}},"332":{"start":{"line":497,"column":8},"end":{"line":504,"column":10}},"333":{"start":{"line":498,"column":12},"end":{"line":498,"column":29}},"334":{"start":{"line":499,"column":12},"end":{"line":503,"column":18}},"335":{"start":{"line":501,"column":20},"end":{"line":501,"column":61}},"336":{"start":{"line":502,"column":20},"end":{"line":502,"column":67}},"337":{"start":{"line":507,"column":8},"end":{"line":514,"column":10}},"338":{"start":{"line":508,"column":12},"end":{"line":508,"column":35}},"339":{"start":{"line":509,"column":12},"end":{"line":513,"column":18}},"340":{"start":{"line":511,"column":20},"end":{"line":511,"column":61}},"341":{"start":{"line":512,"column":20},"end":{"line":512,"column":84}},"342":{"start":{"line":517,"column":8},"end":{"line":521,"column":10}},"343":{"start":{"line":518,"column":12},"end":{"line":518,"column":22}},"344":{"start":{"line":520,"column":12},"end":{"line":520,"column":103}},"345":{"start":{"line":520,"column":25},"end":{"line":520,"column":64}},"346":{"start":{"line":522,"column":8},"end":{"line":526,"column":10}},"347":{"start":{"line":523,"column":12},"end":{"line":523,"column":22}},"348":{"start":{"line":525,"column":12},"end":{"line":525,"column":106}},"349":{"start":{"line":525,"column":25},"end":{"line":525,"column":64}},"350":{"start":{"line":527,"column":8},"end":{"line":531,"column":10}},"351":{"start":{"line":528,"column":26},"end":{"line":528,"column":30}},"352":{"start":{"line":530,"column":12},"end":{"line":530,"column":106}},"353":{"start":{"line":530,"column":25},"end":{"line":530,"column":64}},"354":{"start":{"line":532,"column":8},"end":{"line":536,"column":10}},"355":{"start":{"line":533,"column":26},"end":{"line":533,"column":27}},"356":{"start":{"line":535,"column":12},"end":{"line":535,"column":106}},"357":{"start":{"line":535,"column":25},"end":{"line":535,"column":64}},"358":{"start":{"line":537,"column":8},"end":{"line":541,"column":10}},"359":{"start":{"line":538,"column":26},"end":{"line":538,"column":28}},"360":{"start":{"line":540,"column":12},"end":{"line":540,"column":106}},"361":{"start":{"line":540,"column":25},"end":{"line":540,"column":64}},"362":{"start":{"line":542,"column":8},"end":{"line":546,"column":10}},"363":{"start":{"line":543,"column":26},"end":{"line":543,"column":30}},"364":{"start":{"line":545,"column":12},"end":{"line":545,"column":106}},"365":{"start":{"line":545,"column":25},"end":{"line":545,"column":64}},"366":{"start":{"line":547,"column":8},"end":{"line":551,"column":10}},"367":{"start":{"line":548,"column":26},"end":{"line":548,"column":35}},"368":{"start":{"line":550,"column":12},"end":{"line":550,"column":106}},"369":{"start":{"line":550,"column":25},"end":{"line":550,"column":64}},"370":{"start":{"line":552,"column":8},"end":{"line":556,"column":10}},"371":{"start":{"line":553,"column":26},"end":{"line":553,"column":42}},"372":{"start":{"line":555,"column":12},"end":{"line":555,"column":106}},"373":{"start":{"line":555,"column":25},"end":{"line":555,"column":64}},"374":{"start":{"line":557,"column":8},"end":{"line":561,"column":10}},"375":{"start":{"line":558,"column":26},"end":{"line":558,"column":34}},"376":{"start":{"line":560,"column":12},"end":{"line":560,"column":106}},"377":{"start":{"line":560,"column":25},"end":{"line":560,"column":64}},"378":{"start":{"line":562,"column":8},"end":{"line":566,"column":10}},"379":{"start":{"line":563,"column":26},"end":{"line":563,"column":31}},"380":{"start":{"line":565,"column":12},"end":{"line":565,"column":106}},"381":{"start":{"line":565,"column":25},"end":{"line":565,"column":64}},"382":{"start":{"line":568,"column":8},"end":{"line":572,"column":10}},"383":{"start":{"line":569,"column":12},"end":{"line":569,"column":25}},"384":{"start":{"line":571,"column":12},"end":{"line":571,"column":106}},"385":{"start":{"line":571,"column":25},"end":{"line":571,"column":64}},"386":{"start":{"line":573,"column":8},"end":{"line":577,"column":10}},"387":{"start":{"line":574,"column":12},"end":{"line":574,"column":25}},"388":{"start":{"line":576,"column":12},"end":{"line":576,"column":109}},"389":{"start":{"line":576,"column":25},"end":{"line":576,"column":64}},"390":{"start":{"line":578,"column":8},"end":{"line":582,"column":10}},"391":{"start":{"line":579,"column":29},"end":{"line":579,"column":33}},"392":{"start":{"line":581,"column":12},"end":{"line":581,"column":109}},"393":{"start":{"line":581,"column":25},"end":{"line":581,"column":64}},"394":{"start":{"line":583,"column":8},"end":{"line":587,"column":10}},"395":{"start":{"line":584,"column":29},"end":{"line":584,"column":30}},"396":{"start":{"line":586,"column":12},"end":{"line":586,"column":109}},"397":{"start":{"line":586,"column":25},"end":{"line":586,"column":64}},"398":{"start":{"line":588,"column":8},"end":{"line":592,"column":10}},"399":{"start":{"line":589,"column":29},"end":{"line":589,"column":31}},"400":{"start":{"line":591,"column":12},"end":{"line":591,"column":109}},"401":{"start":{"line":591,"column":25},"end":{"line":591,"column":64}},"402":{"start":{"line":593,"column":8},"end":{"line":597,"column":10}},"403":{"start":{"line":594,"column":29},"end":{"line":594,"column":33}},"404":{"start":{"line":596,"column":12},"end":{"line":596,"column":109}},"405":{"start":{"line":596,"column":25},"end":{"line":596,"column":64}},"406":{"start":{"line":598,"column":8},"end":{"line":602,"column":10}},"407":{"start":{"line":599,"column":29},"end":{"line":599,"column":38}},"408":{"start":{"line":601,"column":12},"end":{"line":601,"column":109}},"409":{"start":{"line":601,"column":25},"end":{"line":601,"column":64}},"410":{"start":{"line":603,"column":8},"end":{"line":607,"column":10}},"411":{"start":{"line":604,"column":29},"end":{"line":604,"column":44}},"412":{"start":{"line":606,"column":12},"end":{"line":606,"column":109}},"413":{"start":{"line":606,"column":25},"end":{"line":606,"column":64}},"414":{"start":{"line":608,"column":8},"end":{"line":612,"column":10}},"415":{"start":{"line":609,"column":29},"end":{"line":609,"column":37}},"416":{"start":{"line":611,"column":12},"end":{"line":611,"column":109}},"417":{"start":{"line":611,"column":25},"end":{"line":611,"column":64}},"418":{"start":{"line":613,"column":8},"end":{"line":617,"column":10}},"419":{"start":{"line":614,"column":29},"end":{"line":614,"column":34}},"420":{"start":{"line":616,"column":12},"end":{"line":616,"column":109}},"421":{"start":{"line":616,"column":25},"end":{"line":616,"column":64}},"422":{"start":{"line":620,"column":4},"end":{"line":668,"column":6}},"423":{"start":{"line":621,"column":21},"end":{"line":621,"column":27}},"424":{"start":{"line":622,"column":24},"end":{"line":622,"column":32}},"425":{"start":{"line":623,"column":21},"end":{"line":623,"column":30}},"426":{"start":{"line":626,"column":8},"end":{"line":633,"column":10}},"427":{"start":{"line":627,"column":12},"end":{"line":627,"column":28}},"428":{"start":{"line":628,"column":12},"end":{"line":628,"column":58}},"429":{"start":{"line":629,"column":12},"end":{"line":629,"column":50}},"430":{"start":{"line":630,"column":12},"end":{"line":630,"column":84}},"431":{"start":{"line":631,"column":12},"end":{"line":631,"column":39}},"432":{"start":{"line":632,"column":12},"end":{"line":632,"column":25}},"433":{"start":{"line":635,"column":8},"end":{"line":647,"column":9}},"434":{"start":{"line":637,"column":23},"end":{"line":637,"column":55}},"435":{"start":{"line":639,"column":12},"end":{"line":639,"column":40}},"436":{"start":{"line":640,"column":12},"end":{"line":640,"column":40}},"437":{"start":{"line":641,"column":12},"end":{"line":641,"column":46}},"438":{"start":{"line":642,"column":12},"end":{"line":642,"column":42}},"439":{"start":{"line":644,"column":12},"end":{"line":644,"column":45}},"440":{"start":{"line":649,"column":8},"end":{"line":656,"column":10}},"441":{"start":{"line":650,"column":27},"end":{"line":650,"column":37}},"442":{"start":{"line":651,"column":12},"end":{"line":655,"column":18}},"443":{"start":{"line":653,"column":20},"end":{"line":653,"column":61}},"444":{"start":{"line":654,"column":20},"end":{"line":654,"column":82}},"445":{"start":{"line":658,"column":8},"end":{"line":662,"column":10}},"446":{"start":{"line":659,"column":12},"end":{"line":659,"column":23}},"447":{"start":{"line":661,"column":12},"end":{"line":661,"column":91}},"448":{"start":{"line":661,"column":25},"end":{"line":661,"column":51}},"449":{"start":{"line":663,"column":8},"end":{"line":667,"column":10}},"450":{"start":{"line":664,"column":12},"end":{"line":664,"column":23}},"451":{"start":{"line":666,"column":12},"end":{"line":666,"column":94}},"452":{"start":{"line":666,"column":25},"end":{"line":666,"column":51}},"453":{"start":{"line":670,"column":4},"end":{"line":784,"column":6}},"454":{"start":{"line":671,"column":21},"end":{"line":671,"column":27}},"455":{"start":{"line":672,"column":24},"end":{"line":672,"column":32}},"456":{"start":{"line":673,"column":21},"end":{"line":673,"column":30}},"457":{"start":{"line":676,"column":19},"end":{"line":691,"column":9}},"458":{"start":{"line":693,"column":8},"end":{"line":700,"column":10}},"459":{"start":{"line":694,"column":12},"end":{"line":694,"column":28}},"460":{"start":{"line":695,"column":12},"end":{"line":695,"column":58}},"461":{"start":{"line":696,"column":12},"end":{"line":696,"column":50}},"462":{"start":{"line":697,"column":12},"end":{"line":697,"column":84}},"463":{"start":{"line":698,"column":12},"end":{"line":698,"column":39}},"464":{"start":{"line":699,"column":12},"end":{"line":699,"column":25}},"465":{"start":{"line":702,"column":8},"end":{"line":724,"column":10}},"466":{"start":{"line":704,"column":12},"end":{"line":723,"column":18}},"467":{"start":{"line":705,"column":28},"end":{"line":705,"column":49}},"468":{"start":{"line":707,"column":20},"end":{"line":707,"column":51}},"469":{"start":{"line":708,"column":20},"end":{"line":708,"column":53}},"470":{"start":{"line":709,"column":20},"end":{"line":709,"column":59}},"471":{"start":{"line":710,"column":20},"end":{"line":710,"column":50}},"472":{"start":{"line":711,"column":20},"end":{"line":711,"column":59}},"473":{"start":{"line":712,"column":20},"end":{"line":712,"column":66}},"474":{"start":{"line":713,"column":20},"end":{"line":713,"column":90}},"475":{"start":{"line":714,"column":20},"end":{"line":714,"column":102}},"476":{"start":{"line":715,"column":20},"end":{"line":720,"column":33}},"477":{"start":{"line":721,"column":20},"end":{"line":721,"column":56}},"478":{"start":{"line":722,"column":20},"end":{"line":722,"column":86}},"479":{"start":{"line":726,"column":8},"end":{"line":752,"column":10}},"480":{"start":{"line":727,"column":23},"end":{"line":737,"column":13}},"481":{"start":{"line":738,"column":12},"end":{"line":751,"column":18}},"482":{"start":{"line":739,"column":28},"end":{"line":739,"column":49}},"483":{"start":{"line":741,"column":20},"end":{"line":741,"column":51}},"484":{"start":{"line":742,"column":20},"end":{"line":742,"column":53}},"485":{"start":{"line":743,"column":20},"end":{"line":743,"column":59}},"486":{"start":{"line":744,"column":20},"end":{"line":744,"column":50}},"487":{"start":{"line":745,"column":20},"end":{"line":745,"column":59}},"488":{"start":{"line":746,"column":20},"end":{"line":746,"column":66}},"489":{"start":{"line":747,"column":20},"end":{"line":747,"column":90}},"490":{"start":{"line":748,"column":20},"end":{"line":748,"column":102}},"491":{"start":{"line":749,"column":20},"end":{"line":749,"column":56}},"492":{"start":{"line":750,"column":20},"end":{"line":750,"column":86}},"493":{"start":{"line":754,"column":8},"end":{"line":761,"column":10}},"494":{"start":{"line":756,"column":29},"end":{"line":756,"column":40}},"495":{"start":{"line":758,"column":12},"end":{"line":759,"column":105}},"496":{"start":{"line":759,"column":32},"end":{"line":759,"column":104}},"497":{"start":{"line":763,"column":8},"end":{"line":767,"column":10}},"498":{"start":{"line":764,"column":12},"end":{"line":764,"column":23}},"499":{"start":{"line":766,"column":12},"end":{"line":766,"column":95}},"500":{"start":{"line":766,"column":25},"end":{"line":766,"column":55}},"501":{"start":{"line":768,"column":8},"end":{"line":772,"column":10}},"502":{"start":{"line":769,"column":12},"end":{"line":769,"column":23}},"503":{"start":{"line":771,"column":12},"end":{"line":771,"column":98}},"504":{"start":{"line":771,"column":25},"end":{"line":771,"column":55}},"505":{"start":{"line":774,"column":8},"end":{"line":778,"column":10}},"506":{"start":{"line":775,"column":12},"end":{"line":775,"column":25}},"507":{"start":{"line":777,"column":12},"end":{"line":777,"column":97}},"508":{"start":{"line":777,"column":25},"end":{"line":777,"column":55}},"509":{"start":{"line":780,"column":8},"end":{"line":783,"column":10}},"510":{"start":{"line":782,"column":12},"end":{"line":782,"column":89}},"511":{"start":{"line":782,"column":25},"end":{"line":782,"column":49}},"512":{"start":{"line":786,"column":4},"end":{"line":856,"column":6}},"513":{"start":{"line":787,"column":21},"end":{"line":787,"column":27}},"514":{"start":{"line":788,"column":24},"end":{"line":788,"column":32}},"515":{"start":{"line":789,"column":21},"end":{"line":789,"column":30}},"516":{"start":{"line":792,"column":20},"end":{"line":792,"column":98}},"517":{"start":{"line":794,"column":8},"end":{"line":801,"column":10}},"518":{"start":{"line":795,"column":12},"end":{"line":795,"column":28}},"519":{"start":{"line":796,"column":12},"end":{"line":796,"column":58}},"520":{"start":{"line":797,"column":12},"end":{"line":797,"column":50}},"521":{"start":{"line":798,"column":12},"end":{"line":798,"column":84}},"522":{"start":{"line":799,"column":12},"end":{"line":799,"column":39}},"523":{"start":{"line":800,"column":12},"end":{"line":800,"column":25}},"524":{"start":{"line":803,"column":8},"end":{"line":812,"column":10}},"525":{"start":{"line":805,"column":12},"end":{"line":811,"column":18}},"526":{"start":{"line":806,"column":28},"end":{"line":806,"column":49}},"527":{"start":{"line":808,"column":20},"end":{"line":808,"column":51}},"528":{"start":{"line":809,"column":20},"end":{"line":809,"column":56}},"529":{"start":{"line":810,"column":20},"end":{"line":810,"column":54}},"530":{"start":{"line":814,"column":8},"end":{"line":821,"column":10}},"531":{"start":{"line":816,"column":29},"end":{"line":816,"column":40}},"532":{"start":{"line":818,"column":12},"end":{"line":819,"column":105}},"533":{"start":{"line":819,"column":32},"end":{"line":819,"column":104}},"534":{"start":{"line":823,"column":8},"end":{"line":830,"column":10}},"535":{"start":{"line":824,"column":25},"end":{"line":824,"column":27}},"536":{"start":{"line":826,"column":12},"end":{"line":828,"column":55}},"537":{"start":{"line":827,"column":16},"end":{"line":827,"column":52}},"538":{"start":{"line":831,"column":8},"end":{"line":839,"column":10}},"539":{"start":{"line":832,"column":25},"end":{"line":832,"column":28}},"540":{"start":{"line":834,"column":12},"end":{"line":837,"column":62}},"541":{"start":{"line":835,"column":16},"end":{"line":835,"column":24}},"542":{"start":{"line":836,"column":16},"end":{"line":836,"column":52}},"543":{"start":{"line":841,"column":8},"end":{"line":848,"column":10}},"544":{"start":{"line":842,"column":22},"end":{"line":842,"column":24}},"545":{"start":{"line":844,"column":12},"end":{"line":846,"column":52}},"546":{"start":{"line":845,"column":16},"end":{"line":845,"column":52}},"547":{"start":{"line":849,"column":8},"end":{"line":855,"column":10}},"548":{"start":{"line":850,"column":22},"end":{"line":850,"column":25}},"549":{"start":{"line":852,"column":12},"end":{"line":854,"column":59}},"550":{"start":{"line":853,"column":16},"end":{"line":853,"column":52}},"551":{"start":{"line":858,"column":4},"end":{"line":966,"column":6}},"552":{"start":{"line":859,"column":21},"end":{"line":859,"column":27}},"553":{"start":{"line":860,"column":24},"end":{"line":860,"column":32}},"554":{"start":{"line":861,"column":21},"end":{"line":861,"column":30}},"555":{"start":{"line":864,"column":20},"end":{"line":878,"column":10}},"556":{"start":{"line":880,"column":22},"end":{"line":890,"column":9}},"557":{"start":{"line":892,"column":8},"end":{"line":899,"column":10}},"558":{"start":{"line":893,"column":12},"end":{"line":893,"column":28}},"559":{"start":{"line":894,"column":12},"end":{"line":894,"column":58}},"560":{"start":{"line":895,"column":12},"end":{"line":895,"column":50}},"561":{"start":{"line":896,"column":12},"end":{"line":896,"column":91}},"562":{"start":{"line":897,"column":12},"end":{"line":897,"column":39}},"563":{"start":{"line":898,"column":12},"end":{"line":898,"column":25}},"564":{"start":{"line":901,"column":8},"end":{"line":909,"column":10}},"565":{"start":{"line":903,"column":12},"end":{"line":908,"column":18}},"566":{"start":{"line":904,"column":28},"end":{"line":904,"column":49}},"567":{"start":{"line":906,"column":20},"end":{"line":906,"column":56}},"568":{"start":{"line":907,"column":20},"end":{"line":907,"column":80}},"569":{"start":{"line":911,"column":8},"end":{"line":931,"column":10}},"570":{"start":{"line":912,"column":29},"end":{"line":924,"column":13}},"571":{"start":{"line":925,"column":12},"end":{"line":930,"column":18}},"572":{"start":{"line":926,"column":28},"end":{"line":926,"column":49}},"573":{"start":{"line":928,"column":20},"end":{"line":928,"column":56}},"574":{"start":{"line":929,"column":20},"end":{"line":929,"column":83}},"575":{"start":{"line":933,"column":8},"end":{"line":940,"column":10}},"576":{"start":{"line":935,"column":29},"end":{"line":935,"column":40}},"577":{"start":{"line":937,"column":12},"end":{"line":938,"column":105}},"578":{"start":{"line":938,"column":32},"end":{"line":938,"column":104}},"579":{"start":{"line":943,"column":8},"end":{"line":947,"column":10}},"580":{"start":{"line":944,"column":12},"end":{"line":944,"column":23}},"581":{"start":{"line":946,"column":12},"end":{"line":946,"column":98}},"582":{"start":{"line":946,"column":25},"end":{"line":946,"column":58}},"583":{"start":{"line":948,"column":8},"end":{"line":952,"column":10}},"584":{"start":{"line":949,"column":12},"end":{"line":949,"column":23}},"585":{"start":{"line":951,"column":12},"end":{"line":951,"column":101}},"586":{"start":{"line":951,"column":25},"end":{"line":951,"column":58}},"587":{"start":{"line":954,"column":8},"end":{"line":958,"column":10}},"588":{"start":{"line":955,"column":23},"end":{"line":955,"column":29}},"589":{"start":{"line":957,"column":12},"end":{"line":957,"column":103}},"590":{"start":{"line":957,"column":25},"end":{"line":957,"column":55}},"591":{"start":{"line":960,"column":8},"end":{"line":964,"column":10}},"592":{"start":{"line":961,"column":23},"end":{"line":961,"column":25}},"593":{"start":{"line":963,"column":12},"end":{"line":963,"column":97}},"594":{"start":{"line":963,"column":25},"end":{"line":963,"column":55}},"595":{"start":{"line":968,"column":4},"end":{"line":1083,"column":6}},"596":{"start":{"line":969,"column":21},"end":{"line":969,"column":27}},"597":{"start":{"line":970,"column":24},"end":{"line":970,"column":32}},"598":{"start":{"line":971,"column":21},"end":{"line":971,"column":30}},"599":{"start":{"line":974,"column":20},"end":{"line":984,"column":10}},"600":{"start":{"line":986,"column":21},"end":{"line":986,"column":32}},"601":{"start":{"line":988,"column":18},"end":{"line":988,"column":106}},"602":{"start":{"line":989,"column":19},"end":{"line":989,"column":103}},"603":{"start":{"line":991,"column":8},"end":{"line":998,"column":10}},"604":{"start":{"line":992,"column":12},"end":{"line":992,"column":28}},"605":{"start":{"line":993,"column":12},"end":{"line":993,"column":58}},"606":{"start":{"line":994,"column":12},"end":{"line":994,"column":50}},"607":{"start":{"line":995,"column":12},"end":{"line":995,"column":91}},"608":{"start":{"line":996,"column":12},"end":{"line":996,"column":39}},"609":{"start":{"line":997,"column":12},"end":{"line":997,"column":25}},"610":{"start":{"line":1000,"column":8},"end":{"line":1011,"column":10}},"611":{"start":{"line":1002,"column":12},"end":{"line":1010,"column":18}},"612":{"start":{"line":1003,"column":28},"end":{"line":1003,"column":73}},"613":{"start":{"line":1004,"column":28},"end":{"line":1004,"column":49}},"614":{"start":{"line":1006,"column":20},"end":{"line":1006,"column":51}},"615":{"start":{"line":1007,"column":20},"end":{"line":1007,"column":65}},"616":{"start":{"line":1008,"column":20},"end":{"line":1008,"column":63}},"617":{"start":{"line":1009,"column":20},"end":{"line":1009,"column":64}},"618":{"start":{"line":1013,"column":8},"end":{"line":1020,"column":10}},"619":{"start":{"line":1015,"column":29},"end":{"line":1015,"column":40}},"620":{"start":{"line":1017,"column":12},"end":{"line":1018,"column":101}},"621":{"start":{"line":1018,"column":32},"end":{"line":1018,"column":100}},"622":{"start":{"line":1022,"column":8},"end":{"line":1030,"column":10}},"623":{"start":{"line":1024,"column":29},"end":{"line":1024,"column":40}},"624":{"start":{"line":1027,"column":12},"end":{"line":1028,"column":101}},"625":{"start":{"line":1028,"column":32},"end":{"line":1028,"column":100}},"626":{"start":{"line":1032,"column":8},"end":{"line":1039,"column":10}},"627":{"start":{"line":1033,"column":25},"end":{"line":1033,"column":27}},"628":{"start":{"line":1035,"column":12},"end":{"line":1037,"column":55}},"629":{"start":{"line":1036,"column":16},"end":{"line":1036,"column":60}},"630":{"start":{"line":1040,"column":8},"end":{"line":1048,"column":10}},"631":{"start":{"line":1041,"column":25},"end":{"line":1041,"column":28}},"632":{"start":{"line":1043,"column":12},"end":{"line":1046,"column":62}},"633":{"start":{"line":1044,"column":16},"end":{"line":1044,"column":24}},"634":{"start":{"line":1045,"column":16},"end":{"line":1045,"column":60}},"635":{"start":{"line":1050,"column":8},"end":{"line":1057,"column":10}},"636":{"start":{"line":1051,"column":25},"end":{"line":1051,"column":27}},"637":{"start":{"line":1053,"column":12},"end":{"line":1055,"column":55}},"638":{"start":{"line":1054,"column":16},"end":{"line":1054,"column":60}},"639":{"start":{"line":1058,"column":8},"end":{"line":1066,"column":10}},"640":{"start":{"line":1059,"column":25},"end":{"line":1059,"column":28}},"641":{"start":{"line":1061,"column":12},"end":{"line":1064,"column":62}},"642":{"start":{"line":1062,"column":16},"end":{"line":1062,"column":24}},"643":{"start":{"line":1063,"column":16},"end":{"line":1063,"column":60}},"644":{"start":{"line":1068,"column":8},"end":{"line":1075,"column":10}},"645":{"start":{"line":1069,"column":22},"end":{"line":1069,"column":24}},"646":{"start":{"line":1071,"column":12},"end":{"line":1073,"column":52}},"647":{"start":{"line":1072,"column":16},"end":{"line":1072,"column":60}},"648":{"start":{"line":1076,"column":8},"end":{"line":1082,"column":10}},"649":{"start":{"line":1077,"column":22},"end":{"line":1077,"column":25}},"650":{"start":{"line":1079,"column":12},"end":{"line":1081,"column":59}},"651":{"start":{"line":1080,"column":16},"end":{"line":1080,"column":60}},"652":{"start":{"line":1085,"column":4},"end":{"line":1206,"column":6}},"653":{"start":{"line":1086,"column":21},"end":{"line":1086,"column":27}},"654":{"start":{"line":1087,"column":24},"end":{"line":1087,"column":32}},"655":{"start":{"line":1088,"column":21},"end":{"line":1088,"column":30}},"656":{"start":{"line":1089,"column":25},"end":{"line":1089,"column":30}},"657":{"start":{"line":1092,"column":8},"end":{"line":1114,"column":10}},"658":{"start":{"line":1093,"column":12},"end":{"line":1093,"column":59}},"659":{"start":{"line":1094,"column":12},"end":{"line":1094,"column":50}},"660":{"start":{"line":1095,"column":12},"end":{"line":1095,"column":163}},"661":{"start":{"line":1096,"column":12},"end":{"line":1096,"column":42}},"662":{"start":{"line":1098,"column":12},"end":{"line":1098,"column":59}},"663":{"start":{"line":1099,"column":12},"end":{"line":1099,"column":50}},"664":{"start":{"line":1100,"column":12},"end":{"line":1100,"column":159}},"665":{"start":{"line":1101,"column":12},"end":{"line":1101,"column":42}},"666":{"start":{"line":1103,"column":12},"end":{"line":1103,"column":59}},"667":{"start":{"line":1104,"column":12},"end":{"line":1104,"column":50}},"668":{"start":{"line":1105,"column":12},"end":{"line":1105,"column":160}},"669":{"start":{"line":1106,"column":12},"end":{"line":1106,"column":42}},"670":{"start":{"line":1108,"column":12},"end":{"line":1108,"column":59}},"671":{"start":{"line":1109,"column":12},"end":{"line":1109,"column":50}},"672":{"start":{"line":1110,"column":12},"end":{"line":1110,"column":161}},"673":{"start":{"line":1111,"column":12},"end":{"line":1111,"column":42}},"674":{"start":{"line":1116,"column":8},"end":{"line":1126,"column":10}},"675":{"start":{"line":1117,"column":26},"end":{"line":1117,"column":35}},"676":{"start":{"line":1118,"column":28},"end":{"line":1118,"column":50}},"677":{"start":{"line":1120,"column":26},"end":{"line":1120,"column":69}},"678":{"start":{"line":1122,"column":12},"end":{"line":1122,"column":43}},"679":{"start":{"line":1123,"column":12},"end":{"line":1123,"column":77}},"680":{"start":{"line":1123,"column":38},"end":{"line":1123,"column":64}},"681":{"start":{"line":1124,"column":12},"end":{"line":1124,"column":77}},"682":{"start":{"line":1124,"column":38},"end":{"line":1124,"column":64}},"683":{"start":{"line":1128,"column":8},"end":{"line":1137,"column":10}},"684":{"start":{"line":1129,"column":26},"end":{"line":1129,"column":49}},"685":{"start":{"line":1130,"column":28},"end":{"line":1130,"column":39}},"686":{"start":{"line":1132,"column":26},"end":{"line":1132,"column":69}},"687":{"start":{"line":1134,"column":12},"end":{"line":1134,"column":43}},"688":{"start":{"line":1135,"column":12},"end":{"line":1135,"column":77}},"689":{"start":{"line":1135,"column":38},"end":{"line":1135,"column":64}},"690":{"start":{"line":1139,"column":8},"end":{"line":1148,"column":10}},"691":{"start":{"line":1140,"column":26},"end":{"line":1140,"column":49}},"692":{"start":{"line":1141,"column":28},"end":{"line":1141,"column":39}},"693":{"start":{"line":1143,"column":26},"end":{"line":1143,"column":69}},"694":{"start":{"line":1145,"column":12},"end":{"line":1145,"column":43}},"695":{"start":{"line":1146,"column":12},"end":{"line":1146,"column":77}},"696":{"start":{"line":1146,"column":38},"end":{"line":1146,"column":64}},"697":{"start":{"line":1147,"column":12},"end":{"line":1147,"column":77}},"698":{"start":{"line":1147,"column":38},"end":{"line":1147,"column":64}},"699":{"start":{"line":1151,"column":8},"end":{"line":1162,"column":10}},"700":{"start":{"line":1152,"column":26},"end":{"line":1152,"column":28}},"701":{"start":{"line":1153,"column":28},"end":{"line":1153,"column":30}},"702":{"start":{"line":1155,"column":26},"end":{"line":1155,"column":69}},"703":{"start":{"line":1157,"column":12},"end":{"line":1157,"column":43}},"704":{"start":{"line":1158,"column":12},"end":{"line":1158,"column":77}},"705":{"start":{"line":1158,"column":38},"end":{"line":1158,"column":64}},"706":{"start":{"line":1159,"column":12},"end":{"line":1159,"column":77}},"707":{"start":{"line":1159,"column":38},"end":{"line":1159,"column":64}},"708":{"start":{"line":1160,"column":12},"end":{"line":1160,"column":77}},"709":{"start":{"line":1160,"column":38},"end":{"line":1160,"column":64}},"710":{"start":{"line":1161,"column":12},"end":{"line":1161,"column":77}},"711":{"start":{"line":1161,"column":38},"end":{"line":1161,"column":64}},"712":{"start":{"line":1164,"column":8},"end":{"line":1173,"column":10}},"713":{"start":{"line":1165,"column":26},"end":{"line":1165,"column":28}},"714":{"start":{"line":1166,"column":28},"end":{"line":1166,"column":39}},"715":{"start":{"line":1168,"column":26},"end":{"line":1168,"column":69}},"716":{"start":{"line":1170,"column":12},"end":{"line":1170,"column":43}},"717":{"start":{"line":1171,"column":12},"end":{"line":1171,"column":77}},"718":{"start":{"line":1171,"column":38},"end":{"line":1171,"column":64}},"719":{"start":{"line":1175,"column":8},"end":{"line":1184,"column":10}},"720":{"start":{"line":1176,"column":26},"end":{"line":1176,"column":37}},"721":{"start":{"line":1177,"column":28},"end":{"line":1177,"column":30}},"722":{"start":{"line":1179,"column":26},"end":{"line":1179,"column":69}},"723":{"start":{"line":1181,"column":12},"end":{"line":1181,"column":43}},"724":{"start":{"line":1182,"column":12},"end":{"line":1182,"column":77}},"725":{"start":{"line":1182,"column":38},"end":{"line":1182,"column":64}},"726":{"start":{"line":1183,"column":12},"end":{"line":1183,"column":77}},"727":{"start":{"line":1183,"column":38},"end":{"line":1183,"column":64}},"728":{"start":{"line":1186,"column":8},"end":{"line":1194,"column":10}},"729":{"start":{"line":1187,"column":26},"end":{"line":1187,"column":29}},"730":{"start":{"line":1188,"column":28},"end":{"line":1188,"column":39}},"731":{"start":{"line":1190,"column":12},"end":{"line":1192,"column":63}},"732":{"start":{"line":1191,"column":16},"end":{"line":1191,"column":53}},"733":{"start":{"line":1196,"column":8},"end":{"line":1204,"column":10}},"734":{"start":{"line":1197,"column":26},"end":{"line":1197,"column":49}},"735":{"start":{"line":1198,"column":28},"end":{"line":1198,"column":31}},"736":{"start":{"line":1200,"column":12},"end":{"line":1202,"column":65}},"737":{"start":{"line":1201,"column":16},"end":{"line":1201,"column":53}},"738":{"start":{"line":1208,"column":4},"end":{"line":1240,"column":6}},"739":{"start":{"line":1209,"column":21},"end":{"line":1209,"column":27}},"740":{"start":{"line":1210,"column":24},"end":{"line":1210,"column":32}},"741":{"start":{"line":1211,"column":21},"end":{"line":1211,"column":30}},"742":{"start":{"line":1214,"column":8},"end":{"line":1221,"column":10}},"743":{"start":{"line":1215,"column":12},"end":{"line":1215,"column":28}},"744":{"start":{"line":1216,"column":12},"end":{"line":1216,"column":58}},"745":{"start":{"line":1217,"column":12},"end":{"line":1217,"column":50}},"746":{"start":{"line":1218,"column":12},"end":{"line":1218,"column":84}},"747":{"start":{"line":1219,"column":12},"end":{"line":1219,"column":39}},"748":{"start":{"line":1220,"column":12},"end":{"line":1220,"column":25}},"749":{"start":{"line":1223,"column":8},"end":{"line":1227,"column":10}},"750":{"start":{"line":1224,"column":12},"end":{"line":1226,"column":56}},"751":{"start":{"line":1225,"column":28},"end":{"line":1225,"column":49}},"752":{"start":{"line":1226,"column":31},"end":{"line":1226,"column":53}},"753":{"start":{"line":1229,"column":8},"end":{"line":1233,"column":10}},"754":{"start":{"line":1230,"column":12},"end":{"line":1230,"column":23}},"755":{"start":{"line":1232,"column":12},"end":{"line":1232,"column":89}},"756":{"start":{"line":1232,"column":25},"end":{"line":1232,"column":49}},"757":{"start":{"line":1234,"column":8},"end":{"line":1238,"column":10}},"758":{"start":{"line":1235,"column":12},"end":{"line":1235,"column":23}},"759":{"start":{"line":1237,"column":12},"end":{"line":1237,"column":92}},"760":{"start":{"line":1237,"column":25},"end":{"line":1237,"column":49}},"761":{"start":{"line":1242,"column":4},"end":{"line":1430,"column":6}},"762":{"start":{"line":1243,"column":20},"end":{"line":1243,"column":40}},"763":{"start":{"line":1244,"column":20},"end":{"line":1244,"column":24}},"764":{"start":{"line":1245,"column":20},"end":{"line":1248,"column":9}},"765":{"start":{"line":1249,"column":20},"end":{"line":1249,"column":64}},"766":{"start":{"line":1250,"column":26},"end":{"line":1250,"column":106}},"767":{"start":{"line":1251,"column":25},"end":{"line":1256,"column":9}},"768":{"start":{"line":1258,"column":19},"end":{"line":1258,"column":25}},"769":{"start":{"line":1259,"column":22},"end":{"line":1259,"column":30}},"770":{"start":{"line":1260,"column":19},"end":{"line":1260,"column":28}},"771":{"start":{"line":1261,"column":21},"end":{"line":1261,"column":31}},"772":{"start":{"line":1262,"column":26},"end":{"line":1262,"column":38}},"773":{"start":{"line":1263,"column":20},"end":{"line":1277,"column":10}},"774":{"start":{"line":1278,"column":19},"end":{"line":1278,"column":27}},"775":{"start":{"line":1281,"column":8},"end":{"line":1288,"column":10}},"776":{"start":{"line":1282,"column":12},"end":{"line":1282,"column":28}},"777":{"start":{"line":1283,"column":12},"end":{"line":1283,"column":58}},"778":{"start":{"line":1284,"column":12},"end":{"line":1284,"column":50}},"779":{"start":{"line":1285,"column":25},"end":{"line":1285,"column":118}},"780":{"start":{"line":1286,"column":12},"end":{"line":1286,"column":33}},"781":{"start":{"line":1290,"column":8},"end":{"line":1306,"column":10}},"782":{"start":{"line":1292,"column":23},"end":{"line":1292,"column":112}},"783":{"start":{"line":1294,"column":12},"end":{"line":1294,"column":36}},"784":{"start":{"line":1295,"column":12},"end":{"line":1295,"column":44}},"785":{"start":{"line":1297,"column":26},"end":{"line":1297,"column":74}},"786":{"start":{"line":1299,"column":12},"end":{"line":1299,"column":48}},"787":{"start":{"line":1300,"column":12},"end":{"line":1300,"column":48}},"788":{"start":{"line":1301,"column":12},"end":{"line":1301,"column":70}},"789":{"start":{"line":1302,"column":12},"end":{"line":1302,"column":60}},"790":{"start":{"line":1303,"column":12},"end":{"line":1303,"column":80}},"791":{"start":{"line":1304,"column":12},"end":{"line":1304,"column":72}},"792":{"start":{"line":1305,"column":12},"end":{"line":1305,"column":68}},"793":{"start":{"line":1308,"column":8},"end":{"line":1321,"column":10}},"794":{"start":{"line":1310,"column":23},"end":{"line":1316,"column":13}},"795":{"start":{"line":1318,"column":12},"end":{"line":1319,"column":93}},"796":{"start":{"line":1319,"column":32},"end":{"line":1319,"column":92}},"797":{"start":{"line":1323,"column":8},"end":{"line":1328,"column":10}},"798":{"start":{"line":1324,"column":24},"end":{"line":1324,"column":26}},"799":{"start":{"line":1326,"column":12},"end":{"line":1327,"column":54}},"800":{"start":{"line":1326,"column":25},"end":{"line":1326,"column":108}},"801":{"start":{"line":1330,"column":8},"end":{"line":1335,"column":10}},"802":{"start":{"line":1331,"column":24},"end":{"line":1331,"column":27}},"803":{"start":{"line":1333,"column":12},"end":{"line":1334,"column":64}},"804":{"start":{"line":1333,"column":25},"end":{"line":1333,"column":108}},"805":{"start":{"line":1337,"column":8},"end":{"line":1342,"column":10}},"806":{"start":{"line":1338,"column":24},"end":{"line":1338,"column":26}},"807":{"start":{"line":1340,"column":12},"end":{"line":1341,"column":54}},"808":{"start":{"line":1340,"column":25},"end":{"line":1340,"column":108}},"809":{"start":{"line":1344,"column":8},"end":{"line":1349,"column":10}},"810":{"start":{"line":1345,"column":24},"end":{"line":1345,"column":27}},"811":{"start":{"line":1347,"column":12},"end":{"line":1348,"column":64}},"812":{"start":{"line":1347,"column":25},"end":{"line":1347,"column":108}},"813":{"start":{"line":1351,"column":8},"end":{"line":1356,"column":10}},"814":{"start":{"line":1352,"column":24},"end":{"line":1352,"column":26}},"815":{"start":{"line":1354,"column":12},"end":{"line":1355,"column":54}},"816":{"start":{"line":1354,"column":25},"end":{"line":1354,"column":108}},"817":{"start":{"line":1358,"column":8},"end":{"line":1363,"column":10}},"818":{"start":{"line":1359,"column":24},"end":{"line":1359,"column":27}},"819":{"start":{"line":1361,"column":12},"end":{"line":1362,"column":64}},"820":{"start":{"line":1361,"column":25},"end":{"line":1361,"column":108}},"821":{"start":{"line":1366,"column":8},"end":{"line":1371,"column":10}},"822":{"start":{"line":1367,"column":24},"end":{"line":1367,"column":26}},"823":{"start":{"line":1369,"column":12},"end":{"line":1370,"column":54}},"824":{"start":{"line":1369,"column":25},"end":{"line":1369,"column":108}},"825":{"start":{"line":1373,"column":8},"end":{"line":1378,"column":10}},"826":{"start":{"line":1374,"column":24},"end":{"line":1374,"column":27}},"827":{"start":{"line":1376,"column":12},"end":{"line":1377,"column":64}},"828":{"start":{"line":1376,"column":25},"end":{"line":1376,"column":108}},"829":{"start":{"line":1380,"column":8},"end":{"line":1385,"column":10}},"830":{"start":{"line":1381,"column":30},"end":{"line":1381,"column":32}},"831":{"start":{"line":1383,"column":12},"end":{"line":1384,"column":60}},"832":{"start":{"line":1383,"column":25},"end":{"line":1383,"column":108}},"833":{"start":{"line":1387,"column":8},"end":{"line":1392,"column":10}},"834":{"start":{"line":1388,"column":30},"end":{"line":1388,"column":33}},"835":{"start":{"line":1390,"column":12},"end":{"line":1391,"column":70}},"836":{"start":{"line":1390,"column":25},"end":{"line":1390,"column":108}},"837":{"start":{"line":1394,"column":8},"end":{"line":1399,"column":10}},"838":{"start":{"line":1395,"column":25},"end":{"line":1395,"column":28}},"839":{"start":{"line":1397,"column":12},"end":{"line":1398,"column":68}},"840":{"start":{"line":1397,"column":25},"end":{"line":1397,"column":108}},"841":{"start":{"line":1401,"column":8},"end":{"line":1406,"column":10}},"842":{"start":{"line":1402,"column":23},"end":{"line":1402,"column":25}},"843":{"start":{"line":1404,"column":12},"end":{"line":1405,"column":53}},"844":{"start":{"line":1404,"column":25},"end":{"line":1404,"column":108}},"845":{"start":{"line":1408,"column":8},"end":{"line":1413,"column":10}},"846":{"start":{"line":1409,"column":23},"end":{"line":1409,"column":26}},"847":{"start":{"line":1411,"column":12},"end":{"line":1412,"column":64}},"848":{"start":{"line":1411,"column":25},"end":{"line":1411,"column":108}},"849":{"start":{"line":1415,"column":8},"end":{"line":1420,"column":10}},"850":{"start":{"line":1416,"column":29},"end":{"line":1416,"column":31}},"851":{"start":{"line":1418,"column":12},"end":{"line":1419,"column":59}},"852":{"start":{"line":1418,"column":25},"end":{"line":1418,"column":108}},"853":{"start":{"line":1422,"column":8},"end":{"line":1427,"column":10}},"854":{"start":{"line":1423,"column":29},"end":{"line":1423,"column":32}},"855":{"start":{"line":1425,"column":12},"end":{"line":1426,"column":70}},"856":{"start":{"line":1425,"column":25},"end":{"line":1425,"column":108}},"857":{"start":{"line":1432,"column":4},"end":{"line":1562,"column":6}},"858":{"start":{"line":1433,"column":22},"end":{"line":1433,"column":42}},"859":{"start":{"line":1434,"column":22},"end":{"line":1437,"column":9}},"860":{"start":{"line":1438,"column":22},"end":{"line":1438,"column":66}},"861":{"start":{"line":1439,"column":28},"end":{"line":1439,"column":108}},"862":{"start":{"line":1440,"column":27},"end":{"line":1445,"column":9}},"863":{"start":{"line":1447,"column":21},"end":{"line":1447,"column":27}},"864":{"start":{"line":1448,"column":24},"end":{"line":1448,"column":32}},"865":{"start":{"line":1449,"column":21},"end":{"line":1449,"column":30}},"866":{"start":{"line":1452,"column":8},"end":{"line":1487,"column":10}},"867":{"start":{"line":1453,"column":12},"end":{"line":1453,"column":28}},"868":{"start":{"line":1454,"column":12},"end":{"line":1454,"column":58}},"869":{"start":{"line":1455,"column":12},"end":{"line":1455,"column":50}},"870":{"start":{"line":1456,"column":25},"end":{"line":1456,"column":90}},"871":{"start":{"line":1457,"column":12},"end":{"line":1457,"column":33}},"872":{"start":{"line":1458,"column":23},"end":{"line":1473,"column":13}},"873":{"start":{"line":1475,"column":12},"end":{"line":1475,"column":104}},"874":{"start":{"line":1477,"column":23},"end":{"line":1477,"column":36}},"875":{"start":{"line":1479,"column":12},"end":{"line":1479,"column":24}},"876":{"start":{"line":1480,"column":12},"end":{"line":1480,"column":103}},"877":{"start":{"line":1482,"column":12},"end":{"line":1482,"column":24}},"878":{"start":{"line":1483,"column":12},"end":{"line":1483,"column":103}},"879":{"start":{"line":1485,"column":12},"end":{"line":1485,"column":24}},"880":{"start":{"line":1486,"column":12},"end":{"line":1486,"column":103}},"881":{"start":{"line":1489,"column":8},"end":{"line":1498,"column":10}},"882":{"start":{"line":1490,"column":26},"end":{"line":1490,"column":30}},"883":{"start":{"line":1492,"column":12},"end":{"line":1497,"column":18}},"884":{"start":{"line":1494,"column":20},"end":{"line":1494,"column":50}},"885":{"start":{"line":1495,"column":20},"end":{"line":1495,"column":66}},"886":{"start":{"line":1496,"column":20},"end":{"line":1496,"column":51}},"887":{"start":{"line":1501,"column":8},"end":{"line":1510,"column":10}},"888":{"start":{"line":1502,"column":26},"end":{"line":1502,"column":30}},"889":{"start":{"line":1504,"column":12},"end":{"line":1509,"column":18}},"890":{"start":{"line":1506,"column":20},"end":{"line":1506,"column":50}},"891":{"start":{"line":1507,"column":20},"end":{"line":1507,"column":66}},"892":{"start":{"line":1508,"column":20},"end":{"line":1508,"column":51}},"893":{"start":{"line":1512,"column":8},"end":{"line":1516,"column":10}},"894":{"start":{"line":1513,"column":26},"end":{"line":1513,"column":28}},"895":{"start":{"line":1515,"column":12},"end":{"line":1515,"column":91}},"896":{"start":{"line":1515,"column":25},"end":{"line":1515,"column":52}},"897":{"start":{"line":1517,"column":8},"end":{"line":1521,"column":10}},"898":{"start":{"line":1518,"column":26},"end":{"line":1518,"column":28}},"899":{"start":{"line":1520,"column":12},"end":{"line":1520,"column":94}},"900":{"start":{"line":1520,"column":25},"end":{"line":1520,"column":52}},"901":{"start":{"line":1522,"column":8},"end":{"line":1526,"column":10}},"902":{"start":{"line":1523,"column":26},"end":{"line":1523,"column":30}},"903":{"start":{"line":1525,"column":12},"end":{"line":1525,"column":94}},"904":{"start":{"line":1525,"column":25},"end":{"line":1525,"column":52}},"905":{"start":{"line":1527,"column":8},"end":{"line":1531,"column":10}},"906":{"start":{"line":1528,"column":26},"end":{"line":1528,"column":27}},"907":{"start":{"line":1530,"column":12},"end":{"line":1530,"column":94}},"908":{"start":{"line":1530,"column":25},"end":{"line":1530,"column":52}},"909":{"start":{"line":1532,"column":8},"end":{"line":1536,"column":10}},"910":{"start":{"line":1533,"column":26},"end":{"line":1533,"column":28}},"911":{"start":{"line":1535,"column":12},"end":{"line":1535,"column":94}},"912":{"start":{"line":1535,"column":25},"end":{"line":1535,"column":52}},"913":{"start":{"line":1537,"column":8},"end":{"line":1541,"column":10}},"914":{"start":{"line":1538,"column":26},"end":{"line":1538,"column":30}},"915":{"start":{"line":1540,"column":12},"end":{"line":1540,"column":94}},"916":{"start":{"line":1540,"column":25},"end":{"line":1540,"column":52}},"917":{"start":{"line":1542,"column":8},"end":{"line":1546,"column":10}},"918":{"start":{"line":1543,"column":26},"end":{"line":1543,"column":35}},"919":{"start":{"line":1545,"column":12},"end":{"line":1545,"column":94}},"920":{"start":{"line":1545,"column":25},"end":{"line":1545,"column":52}},"921":{"start":{"line":1547,"column":8},"end":{"line":1551,"column":10}},"922":{"start":{"line":1548,"column":26},"end":{"line":1548,"column":42}},"923":{"start":{"line":1550,"column":12},"end":{"line":1550,"column":94}},"924":{"start":{"line":1550,"column":25},"end":{"line":1550,"column":52}},"925":{"start":{"line":1552,"column":8},"end":{"line":1556,"column":10}},"926":{"start":{"line":1553,"column":26},"end":{"line":1553,"column":34}},"927":{"start":{"line":1555,"column":12},"end":{"line":1555,"column":94}},"928":{"start":{"line":1555,"column":25},"end":{"line":1555,"column":52}},"929":{"start":{"line":1557,"column":8},"end":{"line":1561,"column":10}},"930":{"start":{"line":1558,"column":26},"end":{"line":1558,"column":31}},"931":{"start":{"line":1560,"column":12},"end":{"line":1560,"column":94}},"932":{"start":{"line":1560,"column":25},"end":{"line":1560,"column":52}},"933":{"start":{"line":1564,"column":4},"end":{"line":1689,"column":6}},"934":{"start":{"line":1565,"column":22},"end":{"line":1565,"column":42}},"935":{"start":{"line":1566,"column":22},"end":{"line":1566,"column":26}},"936":{"start":{"line":1567,"column":22},"end":{"line":1570,"column":9}},"937":{"start":{"line":1571,"column":22},"end":{"line":1571,"column":66}},"938":{"start":{"line":1572,"column":28},"end":{"line":1572,"column":108}},"939":{"start":{"line":1573,"column":27},"end":{"line":1578,"column":9}},"940":{"start":{"line":1580,"column":21},"end":{"line":1580,"column":27}},"941":{"start":{"line":1581,"column":24},"end":{"line":1581,"column":32}},"942":{"start":{"line":1582,"column":21},"end":{"line":1582,"column":30}},"943":{"start":{"line":1583,"column":21},"end":{"line":1598,"column":9}},"944":{"start":{"line":1601,"column":8},"end":{"line":1611,"column":10}},"945":{"start":{"line":1602,"column":12},"end":{"line":1602,"column":28}},"946":{"start":{"line":1603,"column":12},"end":{"line":1603,"column":58}},"947":{"start":{"line":1604,"column":12},"end":{"line":1604,"column":50}},"948":{"start":{"line":1605,"column":25},"end":{"line":1605,"column":90}},"949":{"start":{"line":1606,"column":12},"end":{"line":1606,"column":33}},"950":{"start":{"line":1608,"column":12},"end":{"line":1608,"column":104}},"951":{"start":{"line":1609,"column":12},"end":{"line":1609,"column":32}},"952":{"start":{"line":1613,"column":8},"end":{"line":1628,"column":10}},"953":{"start":{"line":1615,"column":26},"end":{"line":1615,"column":117}},"954":{"start":{"line":1616,"column":12},"end":{"line":1616,"column":46}},"955":{"start":{"line":1618,"column":34},"end":{"line":1618,"column":72}},"956":{"start":{"line":1620,"column":12},"end":{"line":1620,"column":54}},"957":{"start":{"line":1621,"column":12},"end":{"line":1621,"column":54}},"958":{"start":{"line":1622,"column":12},"end":{"line":1622,"column":76}},"959":{"start":{"line":1624,"column":12},"end":{"line":1624,"column":66}},"960":{"start":{"line":1625,"column":12},"end":{"line":1625,"column":86}},"961":{"start":{"line":1626,"column":12},"end":{"line":1626,"column":78}},"962":{"start":{"line":1627,"column":12},"end":{"line":1627,"column":74}},"963":{"start":{"line":1630,"column":8},"end":{"line":1637,"column":10}},"964":{"start":{"line":1631,"column":28},"end":{"line":1631,"column":54}},"965":{"start":{"line":1632,"column":34},"end":{"line":1632,"column":72}},"966":{"start":{"line":1634,"column":12},"end":{"line":1634,"column":53}},"967":{"start":{"line":1635,"column":12},"end":{"line":1635,"column":68}},"968":{"start":{"line":1636,"column":12},"end":{"line":1636,"column":57}},"969":{"start":{"line":1639,"column":8},"end":{"line":1643,"column":10}},"970":{"start":{"line":1640,"column":23},"end":{"line":1640,"column":25}},"971":{"start":{"line":1642,"column":12},"end":{"line":1642,"column":86}},"972":{"start":{"line":1642,"column":25},"end":{"line":1642,"column":50}},"973":{"start":{"line":1644,"column":8},"end":{"line":1648,"column":10}},"974":{"start":{"line":1645,"column":23},"end":{"line":1645,"column":25}},"975":{"start":{"line":1647,"column":12},"end":{"line":1647,"column":89}},"976":{"start":{"line":1647,"column":25},"end":{"line":1647,"column":50}},"977":{"start":{"line":1649,"column":8},"end":{"line":1653,"column":10}},"978":{"start":{"line":1650,"column":23},"end":{"line":1650,"column":27}},"979":{"start":{"line":1652,"column":12},"end":{"line":1652,"column":89}},"980":{"start":{"line":1652,"column":25},"end":{"line":1652,"column":50}},"981":{"start":{"line":1654,"column":8},"end":{"line":1658,"column":10}},"982":{"start":{"line":1655,"column":23},"end":{"line":1655,"column":24}},"983":{"start":{"line":1657,"column":12},"end":{"line":1657,"column":89}},"984":{"start":{"line":1657,"column":25},"end":{"line":1657,"column":50}},"985":{"start":{"line":1659,"column":8},"end":{"line":1663,"column":10}},"986":{"start":{"line":1660,"column":23},"end":{"line":1660,"column":25}},"987":{"start":{"line":1662,"column":12},"end":{"line":1662,"column":89}},"988":{"start":{"line":1662,"column":25},"end":{"line":1662,"column":50}},"989":{"start":{"line":1664,"column":8},"end":{"line":1668,"column":10}},"990":{"start":{"line":1665,"column":23},"end":{"line":1665,"column":27}},"991":{"start":{"line":1667,"column":12},"end":{"line":1667,"column":89}},"992":{"start":{"line":1667,"column":25},"end":{"line":1667,"column":50}},"993":{"start":{"line":1669,"column":8},"end":{"line":1673,"column":10}},"994":{"start":{"line":1670,"column":23},"end":{"line":1670,"column":32}},"995":{"start":{"line":1672,"column":12},"end":{"line":1672,"column":89}},"996":{"start":{"line":1672,"column":25},"end":{"line":1672,"column":50}},"997":{"start":{"line":1674,"column":8},"end":{"line":1678,"column":10}},"998":{"start":{"line":1675,"column":23},"end":{"line":1675,"column":39}},"999":{"start":{"line":1677,"column":12},"end":{"line":1677,"column":89}},"1000":{"start":{"line":1677,"column":25},"end":{"line":1677,"column":50}},"1001":{"start":{"line":1679,"column":8},"end":{"line":1683,"column":10}},"1002":{"start":{"line":1680,"column":23},"end":{"line":1680,"column":31}},"1003":{"start":{"line":1682,"column":12},"end":{"line":1682,"column":89}},"1004":{"start":{"line":1682,"column":25},"end":{"line":1682,"column":50}},"1005":{"start":{"line":1684,"column":8},"end":{"line":1688,"column":10}},"1006":{"start":{"line":1685,"column":23},"end":{"line":1685,"column":28}},"1007":{"start":{"line":1687,"column":12},"end":{"line":1687,"column":89}},"1008":{"start":{"line":1687,"column":25},"end":{"line":1687,"column":50}},"1009":{"start":{"line":1691,"column":4},"end":{"line":1880,"column":6}},"1010":{"start":{"line":1692,"column":22},"end":{"line":1692,"column":42}},"1011":{"start":{"line":1693,"column":22},"end":{"line":1693,"column":26}},"1012":{"start":{"line":1694,"column":22},"end":{"line":1697,"column":9}},"1013":{"start":{"line":1698,"column":22},"end":{"line":1698,"column":66}},"1014":{"start":{"line":1699,"column":28},"end":{"line":1699,"column":108}},"1015":{"start":{"line":1700,"column":27},"end":{"line":1705,"column":9}},"1016":{"start":{"line":1707,"column":21},"end":{"line":1707,"column":27}},"1017":{"start":{"line":1708,"column":24},"end":{"line":1708,"column":32}},"1018":{"start":{"line":1709,"column":21},"end":{"line":1709,"column":30}},"1019":{"start":{"line":1710,"column":21},"end":{"line":1725,"column":9}},"1020":{"start":{"line":1728,"column":8},"end":{"line":1740,"column":10}},"1021":{"start":{"line":1729,"column":12},"end":{"line":1729,"column":28}},"1022":{"start":{"line":1730,"column":12},"end":{"line":1730,"column":58}},"1023":{"start":{"line":1731,"column":12},"end":{"line":1731,"column":50}},"1024":{"start":{"line":1732,"column":25},"end":{"line":1732,"column":90}},"1025":{"start":{"line":1733,"column":12},"end":{"line":1733,"column":33}},"1026":{"start":{"line":1735,"column":12},"end":{"line":1735,"column":104}},"1027":{"start":{"line":1736,"column":12},"end":{"line":1736,"column":32}},"1028":{"start":{"line":1738,"column":26},"end":{"line":1738,"column":117}},"1029":{"start":{"line":1739,"column":12},"end":{"line":1739,"column":46}},"1030":{"start":{"line":1742,"column":8},"end":{"line":1768,"column":10}},"1031":{"start":{"line":1743,"column":26},"end":{"line":1758,"column":13}},"1032":{"start":{"line":1760,"column":29},"end":{"line":1760,"column":74}},"1033":{"start":{"line":1762,"column":12},"end":{"line":1762,"column":59}},"1034":{"start":{"line":1763,"column":12},"end":{"line":1763,"column":59}},"1035":{"start":{"line":1764,"column":12},"end":{"line":1764,"column":81}},"1036":{"start":{"line":1766,"column":12},"end":{"line":1766,"column":71}},"1037":{"start":{"line":1767,"column":12},"end":{"line":1767,"column":91}},"1038":{"start":{"line":1770,"column":8},"end":{"line":1777,"column":10}},"1039":{"start":{"line":1771,"column":28},"end":{"line":1771,"column":54}},"1040":{"start":{"line":1772,"column":34},"end":{"line":1772,"column":94}},"1041":{"start":{"line":1774,"column":12},"end":{"line":1774,"column":53}},"1042":{"start":{"line":1775,"column":12},"end":{"line":1775,"column":79}},"1043":{"start":{"line":1776,"column":12},"end":{"line":1776,"column":57}},"1044":{"start":{"line":1779,"column":8},"end":{"line":1783,"column":10}},"1045":{"start":{"line":1780,"column":23},"end":{"line":1780,"column":25}},"1046":{"start":{"line":1782,"column":12},"end":{"line":1782,"column":108}},"1047":{"start":{"line":1782,"column":25},"end":{"line":1782,"column":72}},"1048":{"start":{"line":1784,"column":8},"end":{"line":1788,"column":10}},"1049":{"start":{"line":1785,"column":23},"end":{"line":1785,"column":25}},"1050":{"start":{"line":1787,"column":12},"end":{"line":1787,"column":111}},"1051":{"start":{"line":1787,"column":25},"end":{"line":1787,"column":72}},"1052":{"start":{"line":1789,"column":8},"end":{"line":1793,"column":10}},"1053":{"start":{"line":1790,"column":23},"end":{"line":1790,"column":27}},"1054":{"start":{"line":1792,"column":12},"end":{"line":1792,"column":111}},"1055":{"start":{"line":1792,"column":25},"end":{"line":1792,"column":72}},"1056":{"start":{"line":1794,"column":8},"end":{"line":1798,"column":10}},"1057":{"start":{"line":1795,"column":23},"end":{"line":1795,"column":24}},"1058":{"start":{"line":1797,"column":12},"end":{"line":1797,"column":111}},"1059":{"start":{"line":1797,"column":25},"end":{"line":1797,"column":72}},"1060":{"start":{"line":1799,"column":8},"end":{"line":1803,"column":10}},"1061":{"start":{"line":1800,"column":23},"end":{"line":1800,"column":25}},"1062":{"start":{"line":1802,"column":12},"end":{"line":1802,"column":111}},"1063":{"start":{"line":1802,"column":25},"end":{"line":1802,"column":72}},"1064":{"start":{"line":1804,"column":8},"end":{"line":1808,"column":10}},"1065":{"start":{"line":1805,"column":23},"end":{"line":1805,"column":27}},"1066":{"start":{"line":1807,"column":12},"end":{"line":1807,"column":111}},"1067":{"start":{"line":1807,"column":25},"end":{"line":1807,"column":72}},"1068":{"start":{"line":1809,"column":8},"end":{"line":1813,"column":10}},"1069":{"start":{"line":1810,"column":23},"end":{"line":1810,"column":32}},"1070":{"start":{"line":1812,"column":12},"end":{"line":1812,"column":111}},"1071":{"start":{"line":1812,"column":25},"end":{"line":1812,"column":72}},"1072":{"start":{"line":1814,"column":8},"end":{"line":1818,"column":10}},"1073":{"start":{"line":1815,"column":23},"end":{"line":1815,"column":38}},"1074":{"start":{"line":1817,"column":12},"end":{"line":1817,"column":111}},"1075":{"start":{"line":1817,"column":25},"end":{"line":1817,"column":72}},"1076":{"start":{"line":1819,"column":8},"end":{"line":1823,"column":10}},"1077":{"start":{"line":1820,"column":23},"end":{"line":1820,"column":31}},"1078":{"start":{"line":1822,"column":12},"end":{"line":1822,"column":111}},"1079":{"start":{"line":1822,"column":25},"end":{"line":1822,"column":72}},"1080":{"start":{"line":1824,"column":8},"end":{"line":1828,"column":10}},"1081":{"start":{"line":1825,"column":23},"end":{"line":1825,"column":28}},"1082":{"start":{"line":1827,"column":12},"end":{"line":1827,"column":111}},"1083":{"start":{"line":1827,"column":25},"end":{"line":1827,"column":72}},"1084":{"start":{"line":1830,"column":8},"end":{"line":1834,"column":10}},"1085":{"start":{"line":1831,"column":25},"end":{"line":1831,"column":27}},"1086":{"start":{"line":1833,"column":12},"end":{"line":1833,"column":99}},"1087":{"start":{"line":1833,"column":25},"end":{"line":1833,"column":61}},"1088":{"start":{"line":1835,"column":8},"end":{"line":1839,"column":10}},"1089":{"start":{"line":1836,"column":25},"end":{"line":1836,"column":27}},"1090":{"start":{"line":1838,"column":12},"end":{"line":1838,"column":103}},"1091":{"start":{"line":1838,"column":25},"end":{"line":1838,"column":61}},"1092":{"start":{"line":1840,"column":8},"end":{"line":1844,"column":10}},"1093":{"start":{"line":1841,"column":25},"end":{"line":1841,"column":29}},"1094":{"start":{"line":1843,"column":12},"end":{"line":1843,"column":103}},"1095":{"start":{"line":1843,"column":25},"end":{"line":1843,"column":61}},"1096":{"start":{"line":1845,"column":8},"end":{"line":1849,"column":10}},"1097":{"start":{"line":184
[...]
{"start":{"line":102,"column":8},"end":{"line":102,"column":84}},"type":"if","locations":[{"start":{"line":102,"column":8},"end":{"line":102,"column":84}},{"start":{"line":102,"column":8},"end":{"line":102,"column":84}}],"line":102},"21":{"loc":{"start":{"line":103,"column":8},"end":{"line":103,"column":72}},"type":"if","locations":[{"start":{"line":103,"column":8},"end":{"line":103,"column":72}},{"start":{"line":103,"column":8},"end":{"line":103,"column":72}}],"line":103},"22":{"loc":{"start":{"line":105,"column":8},"end":{"line":105,"column":56}},"type":"if","locations":[{"start":{"line":105,"column":8},"end":{"line":105,"column":56}},{"start":{"line":105,"column":8},"end":{"line":105,"column":56}}],"line":105},"23":{"loc":{"start":{"line":106,"column":8},"end":{"line":106,"column":84}},"type":"if","locations":[{"start":{"line":106,"column":8},"end":{"line":106,"column":84}},{"start":{"line":106,"column":8},"end":{"line":106,"column":84}}],"line":106},"24":{"loc":{"start":{"line":126,"column":8},"end":{"line":126,"column":84}},"type":"if","locations":[{"start":{"line":126,"column":8},"end":{"line":126,"column":84}},{"start":{"line":126,"column":8},"end":{"line":126,"column":84}}],"line":126},"25":{"loc":{"start":{"line":127,"column":8},"end":{"line":127,"column":72}},"type":"if","locations":[{"start":{"line":127,"column":8},"end":{"line":127,"column":72}},{"start":{"line":127,"column":8},"end":{"line":127,"column":72}}],"line":127},"26":{"loc":{"start":{"line":129,"column":8},"end":{"line":129,"column":78}},"type":"if","locations":[{"start":{"line":129,"column":8},"end":{"line":129,"column":78}},{"start":{"line":129,"column":8},"end":{"line":129,"column":78}}],"line":129},"27":{"loc":{"start":{"line":130,"column":8},"end":{"line":130,"column":66}},"type":"if","locations":[{"start":{"line":130,"column":8},"end":{"line":130,"column":66}},{"start":{"line":130,"column":8},"end":{"line":130,"column":66}}],"line":130},"28":{"loc":{"start":{"line":153,"column":8},"end":{"line":153,"column":84}},"type":"if","locations":[{"start":{"line":153,"column":8},"end":{"line":153,"column":84}},{"start":{"line":153,"column":8},"end":{"line":153,"column":84}}],"line":153},"29":{"loc":{"start":{"line":154,"column":8},"end":{"line":154,"column":72}},"type":"if","locations":[{"start":{"line":154,"column":8},"end":{"line":154,"column":72}},{"start":{"line":154,"column":8},"end":{"line":154,"column":72}}],"line":154},"30":{"loc":{"start":{"line":156,"column":8},"end":{"line":156,"column":76}},"type":"if","locations":[{"start":{"line":156,"column":8},"end":{"line":156,"column":76}},{"start":{"line":156,"column":8},"end":{"line":156,"column":76}}],"line":156},"31":{"loc":{"start":{"line":157,"column":8},"end":{"line":157,"column":84}},"type":"if","locations":[{"start":{"line":157,"column":8},"end":{"line":157,"column":84}},{"start":{"line":157,"column":8},"end":{"line":157,"column":84}}],"line":157},"32":{"loc":{"start":{"line":164,"column":16},"end":{"line":165,"column":53}},"type":"if","locations":[{"start":{"line":164,"column":16},"end":{"line":165,"column":53}},{"start":{"line":164,"column":16},"end":{"line":165,"column":53}}],"line":164},"33":{"loc":{"start":{"line":181,"column":8},"end":{"line":181,"column":84}},"type":"if","locations":[{"start":{"line":181,"column":8},"end":{"line":181,"column":84}},{"start":{"line":181,"column":8},"end":{"line":181,"column":84}}],"line":181},"34":{"loc":{"start":{"line":182,"column":8},"end":{"line":182,"column":72}},"type":"if","locations":[{"start":{"line":182,"column":8},"end":{"line":182,"column":72}},{"start":{"line":182,"column":8},"end":{"line":182,"column":72}}],"line":182},"35":{"loc":{"start":{"line":184,"column":8},"end":{"line":184,"column":84}},"type":"if","locations":[{"start":{"line":184,"column":8},"end":{"line":184,"column":84}},{"start":{"line":184,"column":8},"end":{"line":184,"column":84}}],"line":184},"36":{"loc":{"start":{"line":185,"column":8},"end":{"line":185,"column":72}},"type":"if","locations":[{"start":{"line":185,"column":8},"end":{"line":185,"column":72}},{"start":{"line":185,"column":8},"end":{"line":185,"column":72}}],"line":185},"37":{"loc":{"start":{"line":187,"column":8},"end":{"line":187,"column":78}},"type":"if","locations":[{"start":{"line":187,"column":8},"end":{"line":187,"column":78}},{"start":{"line":187,"column":8},"end":{"line":187,"column":78}}],"line":187},"38":{"loc":{"start":{"line":188,"column":8},"end":{"line":188,"column":66}},"type":"if","locations":[{"start":{"line":188,"column":8},"end":{"line":188,"column":66}},{"start":{"line":188,"column":8},"end":{"line":188,"column":66}}],"line":188},"39":{"loc":{"start":{"line":201,"column":12},"end":{"line":201,"column":82}},"type":"if","locations":[{"start":{"line":201,"column":12},"end":{"line":201,"column":82}},{"start":{"line":201,"column":12},"end":{"line":201,"column":82}}],"line":201},"40":{"loc":{"start":{"line":215,"column":8},"end":{"line":215,"column":88}},"type":"if","locations":[{"start":{"line":215,"column":8},"end":{"line":215,"column":88}},{"start":{"line":215,"column":8},"end":{"line":215,"column":88}}],"line":215},"41":{"loc":{"start":{"line":216,"column":8},"end":{"line":216,"column":92}},"type":"if","locations":[{"start":{"line":216,"column":8},"end":{"line":216,"column":92}},{"start":{"line":216,"column":8},"end":{"line":216,"column":92}}],"line":216},"42":{"loc":{"start":{"line":226,"column":12},"end":{"line":229,"column":115}},"type":"if","locations":[{"start":{"line":226,"column":12},"end":{"line":229,"column":115}},{"start":{"line":226,"column":12},"end":{"line":229,"column":115}}],"line":226},"43":{"loc":{"start":{"line":226,"column":16},"end":{"line":226,"column":52}},"type":"binary-expr","locations":[{"start":{"line":226,"column":16},"end":{"line":226,"column":31}},{"start":{"line":226,"column":35},"end":{"line":226,"column":52}}],"line":226},"44":{"loc":{"start":{"line":227,"column":17},"end":{"line":229,"column":115}},"type":"if","locations":[{"start":{"line":227,"column":17},"end":{"line":229,"column":115}},{"start":{"line":227,"column":17},"end":{"line":229,"column":115}}],"line":227},"45":{"loc":{"start":{"line":228,"column":17},"end":{"line":229,"column":115}},"type":"if","locations":[{"start":{"line":228,"column":17},"end":{"line":229,"column":115}},{"start":{"line":228,"column":17},"end":{"line":229,"column":115}}],"line":228},"46":{"loc":{"start":{"line":250,"column":8},"end":{"line":250,"column":84}},"type":"if","locations":[{"start":{"line":250,"column":8},"end":{"line":250,"column":84}},{"start":{"line":250,"column":8},"end":{"line":250,"column":84}}],"line":250},"47":{"loc":{"start":{"line":251,"column":8},"end":{"line":251,"column":72}},"type":"if","locations":[{"start":{"line":251,"column":8},"end":{"line":251,"column":72}},{"start":{"line":251,"column":8},"end":{"line":251,"column":72}}],"line":251},"48":{"loc":{"start":{"line":260,"column":8},"end":{"line":260,"column":82}},"type":"if","locations":[{"start":{"line":260,"column":8},"end":{"line":260,"column":82}},{"start":{"line":260,"column":8},"end":{"line":260,"column":82}}],"line":260},"49":{"loc":{"start":{"line":261,"column":8},"end":{"line":261,"column":70}},"type":"if","locations":[{"start":{"line":261,"column":8},"end":{"line":261,"column":70}},{"start":{"line":261,"column":8},"end":{"line":261,"column":70}}],"line":261},"50":{"loc":{"start":{"line":263,"column":8},"end":{"line":263,"column":82}},"type":"if","locations":[{"start":{"line":263,"column":8},"end":{"line":263,"column":82}},{"start":{"line":263,"column":8},"end":{"line":263,"column":82}}],"line":263},"51":{"loc":{"start":{"line":264,"column":8},"end":{"line":264,"column":70}},"type":"if","locations":[{"start":{"line":264,"column":8},"end":{"line":264,"column":70}},{"start":{"line":264,"column":8},"end":{"line":264,"column":70}}],"line":264},"52":{"loc":{"start":{"line":266,"column":8},"end":{"line":266,"column":84}},"type":"if","locations":[{"start":{"line":266,"column":8},"end":{"line":266,"column":84}},{"start":{"line":266,"column":8},"end":{"line":266,"column":84}}],"line":266},"53":{"loc":{"start":{"line":267,"column":8},"end":{"line":267,"column":63}},"type":"if","locations":[{"start":{"line":267,"column":8},"end":{"line":267,"column":63}},{"start":{"line":267,"column":8},"end":{"line":267,"column":63}}],"line":267},"54":{"loc":{"start":{"line":269,"column":8},"end":{"line":269,"column":84}},"type":"if","locations":[{"start":{"line":269,"column":8},"end":{"line":269,"column":84}},{"start":{"line":269,"column":8},"end":{"line":269,"column":84}}],"line":269},"55":{"loc":{"start":{"line":270,"column":8},"end":{"line":270,"column":63}},"type":"if","locations":[{"start":{"line":270,"column":8},"end":{"line":270,"column":63}},{"start":{"line":270,"column":8},"end":{"line":270,"column":63}}],"line":270},"56":{"loc":{"start":{"line":272,"column":8},"end":{"line":272,"column":94}},"type":"if","locations":[{"start":{"line":272,"column":8},"end":{"line":272,"column":94}},{"start":{"line":272,"column":8},"end":{"line":272,"column":94}}],"line":272},"57":{"loc":{"start":{"line":273,"column":8},"end":{"line":273,"column":82}},"type":"if","locations":[{"start":{"line":273,"column":8},"end":{"line":273,"column":82}},{"start":{"line":273,"column":8},"end":{"line":273,"column":82}}],"line":273},"58":{"loc":{"start":{"line":275,"column":8},"end":{"line":275,"column":92}},"type":"if","locations":[{"start":{"line":275,"column":8},"end":{"line":275,"column":92}},{"start":{"line":275,"column":8},"end":{"line":275,"column":92}}],"line":275},"59":{"loc":{"start":{"line":277,"column":8},"end":{"line":277,"column":84}},"type":"if","locations":[{"start":{"line":277,"column":8},"end":{"line":277,"column":84}},{"start":{"line":277,"column":8},"end":{"line":277,"column":84}}],"line":277},"60":{"loc":{"start":{"line":278,"column":8},"end":{"line":278,"column":74}},"type":"if","locations":[{"start":{"line":278,"column":8},"end":{"line":278,"column":74}},{"start":{"line":278,"column":8},"end":{"line":278,"column":74}}],"line":278},"61":{"loc":{"start":{"line":280,"column":8},"end":{"line":280,"column":96}},"type":"if","locations":[{"start":{"line":280,"column":8},"end":{"line":280,"column":96}},{"start":{"line":280,"column":8},"end":{"line":280,"column":96}}],"line":280},"62":{"loc":{"start":{"line":281,"column":8},"end":{"line":281,"column":86}},"type":"if","locations":[{"start":{"line":281,"column":8},"end":{"line":281,"column":86}},{"start":{"line":281,"column":8},"end":{"line":281,"column":86}}],"line":281},"63":{"loc":{"start":{"line":287,"column":12},"end":{"line":287,"column":99}},"type":"if","locations":[{"start":{"line":287,"column":12},"end":{"line":287,"column":99}},{"start":{"line":287,"column":12},"end":{"line":287,"column":99}}],"line":287},"64":{"loc":{"start":{"line":296,"column":8},"end":{"line":296,"column":82}},"type":"if","locations":[{"start":{"line":296,"column":8},"end":{"line":296,"column":82}},{"start":{"line":296,"column":8},"end":{"line":296,"column":82}}],"line":296},"65":{"loc":{"start":{"line":297,"column":8},"end":{"line":297,"column":70}},"type":"if","locations":[{"start":{"line":297,"column":8},"end":{"line":297,"column":70}},{"start":{"line":297,"column":8},"end":{"line":297,"column":70}}],"line":297},"66":{"loc":{"start":{"line":314,"column":8},"end":{"line":314,"column":76}},"type":"if","locations":[{"start":{"line":314,"column":8},"end":{"line":314,"column":76}},{"start":{"line":314,"column":8},"end":{"line":314,"column":76}}],"line":314},"67":{"loc":{"start":{"line":315,"column":8},"end":{"line":315,"column":64}},"type":"if","locations":[{"start":{"line":315,"column":8},"end":{"line":315,"column":64}},{"start":{"line":315,"column":8},"end":{"line":315,"column":64}}],"line":315},"68":{"loc":{"start":{"line":320,"column":12},"end":{"line":325,"column":13}},"type":"if","locations":[{"start":{"line":320,"column":12},"end":{"line":325,"column":13}},{"start":{"line":320,"column":12},"end":{"line":325,"column":13}}],"line":320},"69":{"loc":{"start":{"line":331,"column":8},"end":{"line":331,"column":76}},"type":"if","locations":[{"start":{"line":331,"column":8},"end":{"line":331,"column":76}},{"start":{"line":331,"column":8},"end":{"line":331,"column":76}}],"line":331},"70":{"loc":{"start":{"line":332,"column":8},"end":{"line":332,"column":64}},"type":"if","locations":[{"start":{"line":332,"column":8},"end":{"line":332,"column":64}},{"start":{"line":332,"column":8},"end":{"line":332,"column":64}}],"line":332},"71":{"loc":{"start":{"line":334,"column":8},"end":{"line":334,"column":84}},"type":"if","locations":[{"start":{"line":334,"column":8},"end":{"line":334,"column":84}},{"start":{"line":334,"column":8},"end":{"line":334,"column":84}}],"line":334},"72":{"loc":{"start":{"line":335,"column":8},"end":{"line":335,"column":74}},"type":"if","locations":[{"start":{"line":335,"column":8},"end":{"line":335,"column":74}},{"start":{"line":335,"column":8},"end":{"line":335,"column":74}}],"line":335},"73":{"loc":{"start":{"line":340,"column":12},"end":{"line":345,"column":13}},"type":"if","locations":[{"start":{"line":340,"column":12},"end":{"line":345,"column":13}},{"start":{"line":340,"column":12},"end":{"line":345,"column":13}}],"line":340},"74":{"loc":{"start":{"line":351,"column":8},"end":{"line":351,"column":84}},"type":"if","locations":[{"start":{"line":351,"column":8},"end":{"line":351,"column":84}},{"start":{"line":351,"column":8},"end":{"line":351,"column":84}}],"line":351},"75":{"loc":{"start":{"line":352,"column":8},"end":{"line":352,"column":72}},"type":"if","locations":[{"start":{"line":352,"column":8},"end":{"line":352,"column":72}},{"start":{"line":352,"column":8},"end":{"line":352,"column":72}}],"line":352},"76":{"loc":{"start":{"line":383,"column":8},"end":{"line":383,"column":85}},"type":"if","locations":[{"start":{"line":383,"column":8},"end":{"line":383,"column":85}},{"start":{"line":383,"column":8},"end":{"line":383,"column":85}}],"line":383},"77":{"loc":{"start":{"line":384,"column":8},"end":{"line":384,"column":73}},"type":"if","locations":[{"start":{"line":384,"column":8},"end":{"line":384,"column":73}},{"start":{"line":384,"column":8},"end":{"line":384,"column":73}}],"line":384},"78":{"loc":{"start":{"line":386,"column":8},"end":{"line":386,"column":90}},"type":"if","locations":[{"start":{"line":386,"column":8},"end":{"line":386,"column":90}},{"start":{"line":386,"column":8},"end":{"line":386,"column":90}}],"line":386},"79":{"loc":{"start":{"line":387,"column":8},"end":{"line":387,"column":78}},"type":"if","locations":[{"start":{"line":387,"column":8},"end":{"line":387,"column":78}},{"start":{"line":387,"column":8},"end":{"line":387,"column":78}}],"line":387},"80":{"loc":{"start":{"line":403,"column":12},"end":{"line":404,"column":49}},"type":"if","locations":[{"start":{"line":403,"column":12},"end":{"line":404,"column":49}},{"start":{"line":403,"column":12},"end":{"line":404,"column":49}}],"line":403},"81":{"loc":{"start":{"line":416,"column":8},"end":{"line":416,"column":85}},"type":"if","locations":[{"start":{"line":416,"column":8},"end":{"line":416,"column":85}},{"start":{"line":416,"column":8},"end":{"line":416,"column":85}}],"line":416},"82":{"loc":{"start":{"line":417,"column":8},"end":{"line":417,"column":73}},"type":"if","locations":[{"start":{"line":417,"column":8},"end":{"line":417,"column":73}},{"start":{"line":417,"column":8},"end":{"line":417,"column":73}}],"line":417},"83":{"loc":{"start":{"line":419,"column":8},"end":{"line":419,"column":84}},"type":"if","locations":[{"start":{"line":419,"column":8},"end":{"line":419,"column":84}},{"start":{"line":419,"column":8},"end":{"line":419,"column":84}}],"line":419},"84":{"loc":{"start":{"line":420,"column":8},"end":{"line":420,"column":72}},"type":"if","locations":[{"start":{"line":420,"column":8},"end":{"line":420,"column":72}},{"start":{"line":420,"column":8},"end":{"line":420,"column":72}}],"line":420},"85":{"loc":{"start":{"line":435,"column":12},"end":{"line":436,"column":42}},"type":"if","locations":[{"start":{"line":435,"column":12},"end":{"line":436,"column":42}},{"start":{"line":435,"column":12},"end":{"line":436,"column":42}}],"line":435}},"s":{"0":1,"1":1,"2":1,"3":1,"4":41,"5":5,"6":36,"7":1,"8":35,"9":5,"10":30,"11":1,"12":29,"13":7,"14":22,"15":2,"16":20,"17":7,"18":13,"19":1,"20":12,"21":8,"22":4,"23":1,"24":3,"25":1,"26":2,"27":2,"28":2,"29":1,"30":1,"31":1,"32":1,"33":23,"34":9,"35":14,"36":1,"37":13,"38":9,"39":4,"40":1,"41":3,"42":3,"43":3,"44":1,"45":2,"46":2,"47":1,"48":1,"49":4,"50":1,"51":3,"52":1,"53":2,"54":2,"55":2,"56":1,"57":1,"58":1,"59":1,"60":7,"61":1,"62":6,"63":1,"64":5,"65":1,"66":4,"67":1,"68":3,"69":3,"70":3,"71":2,"72":2,"73":2,"74":1,"75":6,"76":6,"77":1,"78":5,"79":1,"80":4,"81":1,"82":3,"83":1,"84":2,"85":2,"86":2,"87":1,"88":1,"89":1,"90":1,"91":1,"92":1,"93":7,"94":1,"95":6,"96":1,"97":5,"98":1,"99":4,"100":1,"101":3,"102":3,"103":3,"104":2,"105":2,"106":2,"107":2,"108":1,"109":1,"110":2,"111":2,"112":2,"113":1,"114":10,"115":1,"116":9,"117":1,"118":8,"119":1,"120":7,"121":1,"122":6,"123":1,"124":5,"125":1,"126":4,"127":4,"128":4,"129":1,"130":3,"131":3,"132":3,"133":1,"134":2,"135":2,"136":2,"137":2,"138":2,"139":8,"140":1,"141":7,"142":1,"143":6,"144":6,"145":6,"146":6,"147":6,"148":6,"149":5,"150":6,"151":1,"152":5,"153":1,"154":4,"155":1,"156":3,"157":6,"158":11,"159":11,"160":11,"161":11,"162":6,"163":3,"164":1,"165":2,"166":1,"167":1,"168":17,"169":17,"170":1,"171":16,"172":1,"173":15,"174":1,"175":14,"176":1,"177":13,"178":1,"179":12,"180":1,"181":11,"182":1,"183":10,"184":1,"185":9,"186":1,"187":8,"188":1,"189":7,"190":1,"191":6,"192":1,"193":5,"194":1,"195":4,"196":1,"197":3,"198":1,"199":2,"200":2,"201":2,"202":2,"203":2,"204":1,"205":1,"206":1,"207":1,"208":12,"209":9,"210":3,"211":1,"212":2,"213":2,"214":2,"215":2,"216":2,"217":2,"218":2,"219":2,"220":12,"221":9,"222":3,"223":1,"224":2,"225":2,"226":2,"227":1,"228":1,"229":1,"230":1,"231":20,"232":9,"233":11,"234":1,"235":10,"236":7,"237":3,"238":1,"239":2,"240":2,"241":2,"242":2,"243":1,"244":1,"245":1,"246":1,"247":3,"248":1,"249":2,"250":1,"251":1,"252":1,"253":1,"254":1,"255":1,"256":1,"257":1,"258":1,"259":1,"260":8,"261":1,"262":7,"263":1,"264":6,"265":1,"266":5,"267":1,"268":4,"269":4,"270":4,"271":1,"272":3,"273":3,"274":3,"275":1,"276":2,"277":3,"278":3,"279":3,"280":3,"281":8,"282":1,"283":7,"284":1,"285":6,"286":1,"287":5,"288":1,"289":4,"290":4,"291":4,"292":1,"293":3,"294":3,"295":3,"296":1,"297":2,"298":3,"299":3,"300":3,"301":3,"302":3,"303":1},"f":{"0":41,"1":2,"2":23,"3":3,"4":4,"5":2,"6":7,"7":3,"8":6,"9":2,"10":7,"11":3,"12":2,"13":10,"14":4,"15":3,"16":8,"17":6,"18":6,"19":5,"20":11,"21":3,"22":17,"23":2,"24":2,"25":12,"26":2,"27":2,"28":12,"29":2,"30":20,"31":2,"32":3,"33":1,"34":1,"35":8,"36":4,"37":8,"38":4},"b":{"0":[5,36],"1":[1,35],"2":[5,30],"3":[1,29],"4":[7,22],"5":[2,20],"6":[7,13],"7":[1,12],"8":[8,4],"9":[1,3],"10":[1,2],"11":[1,1],"12":[9,14],"13":[1,13],"14":[9,4],"15":[1,3],"16":[1,2],"17":[1,1],"18":[1,3],"19":[1,2],"20":[1,6],"21":[1,5],"22":[1,4],"23":[1,3],"24":[1,5],"25":[1,4],"26":[1,3],"27":[1,2],"28":[1,6],"29":[1,5],"30":[1,4],"31":[1,3],"32":[1,1],"33":[1,9],"34":[1,8],"35":[1,7],"36":[1,6],"37":[1,5],"38":[1,4],"39":[1,2],"40":[1,7],"41":[1,6],"42":[1,5],"43":[6,2],"44":[1,4],"45":[1,3],"46":[1,2],"47":[1,1],"48":[1,16],"49":[1,15],"50":[1,14],"51":[1,13],"52":[1,12],"53":[1,11],"54":[1,10],"55":[1,9],"56":[1,8],"57":[1,7],"58":[1,6],"59":[1,5],"60":[1,4],"61":[1,3],"62":[1,2],"63":[1,1],"64":[9,3],"65":[1,2],"66":[9,3],"67":[1,2],"68":[1,1],"69":[9,11],"70":[1,10],"71":[7,3],"72":[1,2],"73":[1,1],"74":[1,2],"75":[1,1],"76":[1,7],"77":[1,6],"78":[1,5],"79":[1,4],"80":[1,2],"81":[1,7],"82":[1,6],"83":[1,5],"84":[1,4],"85":[1,2]},"_coverageSchema":"43e27e138ebf9cfc5966b082cf9a028302ed4184","hash":"536daea5a3adc0d0036b87f1e290853ef96d83de","contentHash":"61d29aa45e1e020b9f9660c047a4b198739f6d72ee8be4dfacb549810284503f"}}